2015-01-23 15:35:13,056  INFO   [ServerInstance] Server running 
2015-01-23 15:35:13,071  ERROR  [ServerInstance] java.net.BindException: Address already in use: JVM_Bind 
2015-01-23 15:35:46,509  INFO   [ServerInstance] Server running 
2015-01-23 15:35:46,524  ERROR  [ServerInstance] java.net.BindException: Address already in use: JVM_Bind 
2015-01-23 15:37:06,089  INFO   [ServerInstance] Server running 
2015-01-23 15:37:06,096  INFO   [ServerInstance] Server loop initialized 
2015-01-23 15:37:25,902  INFO   [ServerInstance] New client connected 
2015-01-23 15:37:25,938  DEBUG  [ClientHandler] CLIENT:REGISTER#Player16 
2015-01-23 15:37:26,004  DEBUG  [ClientHandler] CLIENT:READY[Player16] 
2015-01-23 15:37:31,184  INFO   [ServerInstance] New client connected 
2015-01-23 15:37:31,247  DEBUG  [ClientHandler] CLIENT:REGISTER#Player39 
2015-01-23 15:37:31,314  DEBUG  [ClientHandler] CLIENT:READY[Player39] 
2015-01-23 15:37:35,316  DEBUG  [ClientHandler] CLIENT:START 
2015-01-23 15:37:35,699  DEBUG  [ClientHandler] CLIENT:POSITION#0.05# 
2015-01-23 15:37:37,513  DEBUG  [ClientHandler] CLIENT:MARKER#DOWN 
2015-01-23 15:37:38,259  DEBUG  [ClientHandler] CLIENT:POSITION#0.0# 
2015-01-23 15:37:38,645  DEBUG  [ClientHandler] CLIENT:POSITION#-0.05# 
2015-01-23 15:37:39,142  DEBUG  [ClientHandler] CLIENT:MARKER#DOWN 
2015-01-23 15:37:39,223  DEBUG  [ClientHandler] CLIENT:POSITION#0.0# 
2015-01-23 15:37:39,279  DEBUG  [ClientHandler] CLIENT:POSITION#0.05# 
2015-01-23 15:37:40,070  DEBUG  [ClientHandler] CLIENT:POSITION#0.0# 
2015-01-23 15:37:40,863  DEBUG  [ClientHandler] CLIENT:POSITION#-0.05# 
2015-01-23 15:37:41,025  DEBUG  [ClientHandler] CLIENT:MARKER#UP 
2015-01-23 15:37:41,353  DEBUG  [ClientHandler] CLIENT:POSITION#0.0# 
2015-01-23 15:37:41,556  DEBUG  [ClientHandler] CLIENT:MARKER#DOWN 
2015-01-23 15:37:41,782  DEBUG  [ServerLoop] COLLIDEPlayer16 
2015-01-23 15:37:41,788  DEBUG  [ClientHandler] CLIENT:RESET 
2015-01-23 15:37:41,801  DEBUG  [ClientHandler] CLIENT:RESET 
2015-01-23 15:37:41,820  DEBUG  [ClientHandler] CLIENT:REQUEST_OTHERS_RESET 
2015-01-23 15:37:41,832  DEBUG  [ClientHandler] CLIENT:REQUEST_OTHERS_RESET 
2015-01-23 15:38:24,679  DEBUG  [ClientHandler] CLIENT:START 
2015-01-23 15:38:24,684  DEBUG  [ClientHandler] CLIENT:MARKER#UP 
2015-01-23 15:38:24,685  DEBUG  [ClientHandler] CLIENT:MARKER#UP 
2015-01-23 15:38:25,115  DEBUG  [ClientHandler] CLIENT:MARKER#DOWN 
2015-01-23 15:38:25,463  INFO   [ServerInstance] New client connected 
2015-01-23 15:38:25,477  INFO   [ClientHandler] Connection lost 
2015-01-23 15:38:25,678  DEBUG  [ClientHandler] CLIENT:MARKER#DOWN 
2015-01-23 15:38:26,754  INFO   [ServerInstance] New client connected 
2015-01-23 15:38:26,758  INFO   [ClientHandler] Connection lost 
2015-01-23 15:38:27,195  INFO   [ServerInstance] New client connected 
2015-01-23 15:38:27,200  INFO   [ClientHandler] Connection lost 
2015-01-23 15:38:27,629  INFO   [ServerInstance] New client connected 
2015-01-23 15:38:27,633  INFO   [ClientHandler] Connection lost 
2015-01-23 15:38:27,694  DEBUG  [ClientHandler] CLIENT:MARKER#UP 
2015-01-23 15:38:28,123  DEBUG  [ClientHandler] CLIENT:MARKER#DOWN 
2015-01-23 15:38:28,327  INFO   [ServerInstance] New client connected 
2015-01-23 15:38:28,331  INFO   [ClientHandler] Connection lost 
2015-01-23 15:38:28,421  DEBUG  [ClientHandler] CLIENT:MARKER#UP 
2015-01-23 15:38:28,752  DEBUG  [ClientHandler] CLIENT:MARKER#DOWN 
2015-01-23 15:38:28,892  INFO   [ServerInstance] New client connected 
2015-01-23 15:38:28,896  INFO   [ClientHandler] Connection lost 
2015-01-23 15:38:29,371  INFO   [ServerInstance] New client connected 
2015-01-23 15:38:29,375  INFO   [ClientHandler] Connection lost 
2015-01-23 15:38:29,983  INFO   [ServerInstance] New client connected 
2015-01-23 15:38:29,991  INFO   [ClientHandler] Connection lost 
2015-01-23 15:38:30,548  DEBUG  [ServerLoop] COLLIDEPlayer16 
2015-01-23 15:38:30,552  DEBUG  [ClientHandler] CLIENT:RESET 
2015-01-23 15:38:30,561  DEBUG  [ClientHandler] CLIENT:RESET 
2015-01-23 15:38:30,570  DEBUG  [ClientHandler] CLIENT:REQUEST_OTHERS_RESET 
2015-01-23 15:38:30,571  DEBUG  [ClientHandler] CLIENT:REQUEST_OTHERS_RESET 
2015-01-23 15:38:30,621  INFO   [ServerInstance] New client connected 
2015-01-23 15:38:30,690  DEBUG  [ClientHandler] CLIENT:REGISTER#Player40 
2015-01-23 15:38:30,756  DEBUG  [ClientHandler] CLIENT:READY[Player40] 
2015-01-23 15:47:15,728  DEBUG  [ClientHandler] CLIENT:START 
2015-01-23 15:47:15,734  DEBUG  [ClientHandler] CLIENT:MARKER#UP 
2015-01-23 15:47:15,735  DEBUG  [ClientHandler] CLIENT:MARKER#UP 
2015-01-23 15:47:16,304  DEBUG  [ClientHandler] CLIENT:POSITION#0.05# 
2015-01-23 15:47:16,727  DEBUG  [ClientHandler] CLIENT:MARKER#DOWN 
2015-01-23 15:47:16,732  DEBUG  [ClientHandler] CLIENT:MARKER#DOWN 
2015-01-23 15:47:17,016  DEBUG  [ClientHandler] CLIENT:POSITION#0.0# 
2015-01-23 15:47:18,185  DEBUG  [ClientHandler] CLIENT:MARKER#DOWN 
2015-01-23 15:47:18,243  DEBUG  [ServerLoop] COLLIDEPlayer39 
2015-01-23 15:47:20,100  DEBUG  [ClientHandler] CLIENT:MARKER#UP 
2015-01-23 15:47:20,479  DEBUG  [ClientHandler] CLIENT:MARKER#UP 
2015-01-23 15:47:20,596  DEBUG  [ClientHandler] CLIENT:MARKER#DOWN 
2015-01-23 15:47:20,811  DEBUG  [ClientHandler] CLIENT:MARKER#DOWN 
2015-01-23 15:47:21,636  DEBUG  [ClientHandler] CLIENT:MARKER#UP 
2015-01-23 15:47:21,645  DEBUG  [ServerLoop] COLLIDEPlayer16 
2015-01-23 15:47:21,686  DEBUG  [ClientHandler] CLIENT:RESET 
2015-01-23 15:47:21,704  DEBUG  [ClientHandler] CLIENT:RESET 
2015-01-23 15:47:21,711  DEBUG  [ClientHandler] CLIENT:RESET 
2015-01-23 15:47:21,718  DEBUG  [ClientHandler] CLIENT:REQUEST_OTHERS_RESET 
2015-01-23 15:47:21,735  DEBUG  [ClientHandler] CLIENT:REQUEST_OTHERS_RESET 
2015-01-23 15:47:21,743  DEBUG  [ClientHandler] CLIENT:REQUEST_OTHERS_RESET 
2015-01-23 15:47:31,407  DEBUG  [ClientHandler] CLIENT:START 
2015-01-23 15:47:31,415  DEBUG  [ClientHandler] CLIENT:MARKER#UP 
2015-01-23 15:47:31,415  DEBUG  [ClientHandler] CLIENT:MARKER#UP 
2015-01-23 15:47:31,415  DEBUG  [ClientHandler] CLIENT:MARKER#DOWN 
2015-01-23 15:47:31,911  DEBUG  [ClientHandler] CLIENT:MARKER#DOWN 
2015-01-23 15:47:32,009  DEBUG  [ClientHandler] CLIENT:MARKER#DOWN 
2015-01-23 15:47:32,480  DEBUG  [ClientHandler] CLIENT:POSITION#0.05# 
2015-01-23 15:47:34,555  DEBUG  [ClientHandler] CLIENT:MARKER#UP 
2015-01-23 15:47:35,085  DEBUG  [ClientHandler] CLIENT:MARKER#DOWN 
2015-01-23 15:47:35,243  DEBUG  [ClientHandler] CLIENT:POSITION#0.0# 
2015-01-23 15:47:35,385  DEBUG  [ClientHandler] CLIENT:MARKER#UP 
2015-01-23 15:47:35,554  DEBUG  [ClientHandler] CLIENT:POSITION#-0.05# 
2015-01-23 15:47:35,611  DEBUG  [ClientHandler] CLIENT:MARKER#UP 
2015-01-23 15:47:35,814  DEBUG  [ClientHandler] CLIENT:MARKER#DOWN 
2015-01-23 15:47:35,995  DEBUG  [ClientHandler] CLIENT:POSITION#0.0# 
2015-01-23 15:47:36,604  DEBUG  [ClientHandler] CLIENT:MARKER#DOWN 
2015-01-23 15:47:37,335  DEBUG  [ClientHandler] CLIENT:MARKER#UP 
2015-01-23 15:47:37,933  DEBUG  [ClientHandler] CLIENT:MARKER#DOWN 
2015-01-23 15:47:39,051  DEBUG  [ServerLoop] COLLIDEPlayer40 
2015-01-23 15:47:39,184  DEBUG  [ServerLoop] COLLIDEPlayer39 
2015-01-23 15:47:39,220  DEBUG  [ClientHandler] CLIENT:RESET 
2015-01-23 15:47:39,223  DEBUG  [ClientHandler] CLIENT:RESET 
2015-01-23 15:47:39,237  DEBUG  [ClientHandler] CLIENT:RESET 
2015-01-23 15:47:39,252  DEBUG  [ClientHandler] CLIENT:REQUEST_OTHERS_RESET 
2015-01-23 15:47:39,255  DEBUG  [ClientHandler] CLIENT:REQUEST_OTHERS_RESET 
2015-01-23 15:47:39,267  DEBUG  [ClientHandler] CLIENT:REQUEST_OTHERS_RESET 
2015-01-23 15:50:35,928  DEBUG  [ClientHandler] CLIENT:START 
2015-01-23 15:50:35,933  DEBUG  [ClientHandler] CLIENT:MARKER#UP 
2015-01-23 15:50:35,933  DEBUG  [ClientHandler] CLIENT:MARKER#UP 
2015-01-23 15:50:35,936  DEBUG  [ClientHandler] CLIENT:MARKER#UP 
2015-01-23 15:50:36,433  DEBUG  [ClientHandler] CLIENT:MARKER#DOWN 
2015-01-23 15:50:36,826  DEBUG  [ClientHandler] CLIENT:MARKER#DOWN 
2015-01-23 15:50:36,834  DEBUG  [ClientHandler] CLIENT:MARKER#DOWN 
2015-01-23 15:50:36,950  INFO   [ServerInstance] New client connected 
2015-01-23 15:50:36,954  INFO   [ClientHandler] Connection lost 
2015-01-23 15:50:39,311  DEBUG  [ClientHandler] CLIENT:MARKER#UP 
2015-01-23 15:50:39,312  DEBUG  [ClientHandler] CLIENT:MARKER#UP 
2015-01-23 15:50:39,906  DEBUG  [ClientHandler] CLIENT:MARKER#DOWN 
2015-01-23 15:50:39,939  DEBUG  [ClientHandler] CLIENT:MARKER#DOWN 
2015-01-23 15:50:40,563  DEBUG  [ClientHandler] CLIENT:MARKER#UP 
2015-01-23 15:50:41,322  DEBUG  [ClientHandler] CLIENT:MARKER#DOWN 
2015-01-23 15:50:42,166  DEBUG  [ServerLoop] COLLIDEPlayer39 
2015-01-23 15:50:42,617  DEBUG  [ClientHandler] CLIENT:MARKER#UP 
2015-01-23 15:50:42,717  DEBUG  [ClientHandler] CLIENT:MARKER#UP 
2015-01-23 15:50:43,124  DEBUG  [ServerLoop] COLLIDEPlayer16 
2015-01-23 15:50:43,139  DEBUG  [ClientHandler] CLIENT:RESET 
2015-01-23 15:50:43,146  DEBUG  [ClientHandler] CLIENT:RESET 
2015-01-23 15:50:43,148  DEBUG  [ClientHandler] CLIENT:RESET 
2015-01-23 15:50:43,171  DEBUG  [ClientHandler] CLIENT:REQUEST_OTHERS_RESET 
2015-01-23 15:50:43,178  DEBUG  [ClientHandler] CLIENT:REQUEST_OTHERS_RESET 
2015-01-23 15:50:43,180  DEBUG  [ClientHandler] CLIENT:REQUEST_OTHERS_RESET 
2015-01-23 15:53:28,725  INFO   [ServerInstance] Server running 
2015-01-23 15:53:28,734  INFO   [ServerInstance] Server loop initialized 
2015-01-23 15:55:23,585  INFO   [ServerInstance] Server running 
2015-01-23 15:55:23,590  INFO   [ServerInstance] Server loop initialized 
2015-01-23 15:55:39,614  INFO   [ServerInstance] New client connected 
2015-01-23 15:55:39,659  DEBUG  [ClientHandler] CLIENT:REGISTER#Player46 
2015-01-23 15:55:39,725  DEBUG  [ClientHandler] CLIENT:READY[Player46] 
2015-01-23 15:55:47,141  INFO   [ServerInstance] New client connected 
2015-01-23 15:55:47,205  DEBUG  [ClientHandler] CLIENT:REGISTER#Player24 
2015-01-23 15:55:47,272  DEBUG  [ClientHandler] CLIENT:READY[Player24] 
2015-01-23 15:55:53,528  INFO   [ServerInstance] New client connected 
2015-01-23 15:55:53,594  DEBUG  [ClientHandler] CLIENT:REGISTER#Player34 
2015-01-23 15:55:53,667  DEBUG  [ClientHandler] CLIENT:READY[Player34] 
2015-01-23 15:58:25,999  INFO   [ServerInstance] Server running 
2015-01-23 15:58:26,006  INFO   [ServerInstance] Server loop initialized 
2015-01-23 15:58:27,192  INFO   [ServerInstance] New client connected 
2015-01-23 15:58:27,244  DEBUG  [ClientHandler] CLIENT:REGISTER#Player46 
2015-01-23 15:58:27,311  DEBUG  [ClientHandler] CLIENT:READY[Player46] 
2015-01-23 15:58:31,427  INFO   [ServerInstance] New client connected 
2015-01-23 15:58:31,491  DEBUG  [ClientHandler] CLIENT:REGISTER#Player24 
2015-01-23 15:58:31,558  DEBUG  [ClientHandler] CLIENT:READY[Player24] 
2015-01-23 15:58:33,546  DEBUG  [ClientHandler] CLIENT:START 
2015-01-23 15:58:33,807  DEBUG  [ClientHandler] CLIENT:POSITION#0.05# 
2015-01-23 15:58:35,404  DEBUG  [ClientHandler] CLIENT:POSITION#0.0# 
2015-01-23 15:58:35,483  DEBUG  [ClientHandler] CLIENT:POSITION#-0.05# 
2015-01-23 15:58:35,966  DEBUG  [ClientHandler] CLIENT:MARKER#DOWN 
2015-01-23 15:58:36,891  DEBUG  [ClientHandler] CLIENT:MARKER#DOWN 
2015-01-23 15:58:37,362  DEBUG  [ClientHandler] CLIENT:POSITION#0.0# 
2015-01-23 15:58:38,175  DEBUG  [ClientHandler] CLIENT:POSITION#-0.05# 
2015-01-23 15:58:38,590  DEBUG  [ClientHandler] CLIENT:MARKER#UP 
2015-01-23 15:58:38,834  DEBUG  [ClientHandler] CLIENT:POSITION#0.0# 
2015-01-23 15:58:39,449  DEBUG  [ClientHandler] CLIENT:MARKER#DOWN 
2015-01-23 15:58:40,380  DEBUG  [ClientHandler] CLIENT:POSITION#-0.05# 
2015-01-23 15:58:40,400  DEBUG  [ClientHandler] CLIENT:MARKER#UP 
2015-01-23 15:58:40,511  DEBUG  [ServerLoop] COLLIDEPlayer24 
2015-01-23 15:58:40,514  DEBUG  [ClientHandler] CLIENT:RESET 
2015-01-23 15:58:40,514  DEBUG  [ClientHandler] CLIENT:RESET 
2015-01-23 15:58:40,532  DEBUG  [ClientHandler] CLIENT:REQUEST_OTHERS_RESET 
2015-01-23 15:58:40,539  DEBUG  [ClientHandler] CLIENT:REQUEST_OTHERS_RESET 
2015-01-23 15:58:40,810  DEBUG  [ClientHandler] CLIENT:POSITION#0.0# 
2015-01-23 15:58:43,029  INFO   [ClientHandler] Connection lost 
2015-01-23 15:58:43,030  INFO   [ClientHandler] Player Player24 disconnected 
2015-01-23 15:58:43,035  DEBUG  [ClientHandler] CLIENT:MARKER#DOWN 
2015-01-23 15:58:43,682  INFO   [ClientHandler] Connection lost 
2015-01-23 15:58:43,682  INFO   [ClientHandler] Player Player46 disconnected 
2015-01-23 15:59:08,310  INFO   [ServerInstance] Server running 
2015-01-23 15:59:08,317  INFO   [ServerInstance] Server loop initialized 
2015-01-23 15:59:14,032  INFO   [ServerInstance] New client connected 
2015-01-23 15:59:14,082  DEBUG  [ClientHandler] CLIENT:REGISTER#Player26 
2015-01-23 15:59:14,149  DEBUG  [ClientHandler] CLIENT:READY[Player26] 
2015-01-23 16:00:05,028  INFO   [ServerInstance] New client connected 
2015-01-23 16:00:05,086  DEBUG  [ClientHandler] CLIENT:REGISTER#Player8 
2015-01-23 16:00:05,152  DEBUG  [ClientHandler] CLIENT:READY[Player8] 
2015-01-23 16:00:07,337  DEBUG  [ClientHandler] CLIENT:START 
2015-01-23 16:00:08,261  DEBUG  [ClientHandler] CLIENT:POSITION#0.05# 
2015-01-23 16:00:09,488  DEBUG  [ClientHandler] CLIENT:MARKER#DOWN 
2015-01-23 16:00:09,944  DEBUG  [ClientHandler] CLIENT:POSITION#0.0# 
2015-01-23 16:00:10,266  DEBUG  [ClientHandler] CLIENT:POSITION#-0.05# 
2015-01-23 16:00:10,473  DEBUG  [ClientHandler] CLIENT:POSITION#0.0# 
2015-01-23 16:00:10,520  DEBUG  [ServerLoop] COLLIDEPlayer26 
2015-01-23 16:00:10,523  DEBUG  [ClientHandler] CLIENT:RESET 
2015-01-23 16:00:10,524  DEBUG  [ClientHandler] CLIENT:RESET 
2015-01-23 16:00:10,547  DEBUG  [ClientHandler] CLIENT:REQUEST_OTHERS_RESET 
2015-01-23 16:00:10,555  DEBUG  [ClientHandler] CLIENT:REQUEST_OTHERS_RESET 
2015-01-23 16:00:10,971  DEBUG  [ClientHandler] CLIENT:START 
2015-01-23 16:00:11,433  DEBUG  [ClientHandler] CLIENT:POSITION#0.05# 
2015-01-23 16:00:12,165  DEBUG  [ClientHandler] CLIENT:POSITION#0.0# 
2015-01-23 16:00:12,244  DEBUG  [ClientHandler] CLIENT:POSITION#-0.05# 
2015-01-23 16:00:13,029  DEBUG  [ClientHandler] CLIENT:MARKER#UP 
2015-01-23 16:00:13,178  DEBUG  [ClientHandler] CLIENT:POSITION#0.0# 
2015-01-23 16:00:13,303  DEBUG  [ClientHandler] CLIENT:POSITION#0.05# 
2015-01-23 16:00:13,392  DEBUG  [ClientHandler] CLIENT:MARKER#DOWN 
2015-01-23 16:00:13,485  DEBUG  [ClientHandler] CLIENT:MARKER#DOWN 
2015-01-23 16:00:13,823  DEBUG  [ClientHandler] CLIENT:POSITION#0.0# 
2015-01-23 16:00:13,929  DEBUG  [ClientHandler] CLIENT:POSITION#-0.05# 
2015-01-23 16:00:14,304  DEBUG  [ClientHandler] CLIENT:POSITION#0.0# 
2015-01-23 16:00:15,012  DEBUG  [ServerLoop] COLLIDEPlayer26 
2015-01-23 16:00:15,014  DEBUG  [ClientHandler] CLIENT:RESET 
2015-01-23 16:00:15,015  DEBUG  [ClientHandler] CLIENT:RESET 
2015-01-23 16:00:15,041  DEBUG  [ClientHandler] CLIENT:REQUEST_OTHERS_RESET 
2015-01-23 16:00:15,044  DEBUG  [ClientHandler] CLIENT:REQUEST_OTHERS_RESET 
2015-01-23 16:00:15,675  DEBUG  [ClientHandler] CLIENT:START 
2015-01-23 16:00:16,281  DEBUG  [ClientHandler] CLIENT:POSITION#0.05# 
2015-01-23 16:00:17,316  DEBUG  [ClientHandler] CLIENT:POSITION#0.0# 
2015-01-23 16:00:17,478  DEBUG  [ClientHandler] CLIENT:POSITION#-0.05# 
2015-01-23 16:00:17,496  DEBUG  [ClientHandler] CLIENT:MARKER#UP 
2015-01-23 16:00:17,929  DEBUG  [ClientHandler] CLIENT:POSITION#0.0# 
2015-01-23 16:00:18,206  DEBUG  [ClientHandler] CLIENT:POSITION#0.05# 
2015-01-23 16:00:18,357  DEBUG  [ClientHandler] CLIENT:MARKER#DOWN 
2015-01-23 16:00:18,471  DEBUG  [ClientHandler] CLIENT:POSITION#0.0# 
2015-01-23 16:00:18,594  DEBUG  [ClientHandler] CLIENT:MARKER#UP 
2015-01-23 16:00:18,690  DEBUG  [ClientHandler] CLIENT:POSITION#-0.05# 
2015-01-23 16:00:18,987  DEBUG  [ClientHandler] CLIENT:POSITION#0.0# 
2015-01-23 16:00:19,552  DEBUG  [ClientHandler] CLIENT:MARKER#DOWN 
2015-01-23 16:00:19,743  DEBUG  [ClientHandler] CLIENT:POSITION#-0.05# 
2015-01-23 16:00:19,946  DEBUG  [ClientHandler] CLIENT:POSITION#0.0# 
2015-01-23 16:00:20,580  DEBUG  [ClientHandler] CLIENT:MARKER#UP 
2015-01-23 16:00:20,804  DEBUG  [ServerLoop] COLLIDEPlayer8 
2015-01-23 16:00:20,805  DEBUG  [ClientHandler] CLIENT:RESET 
2015-01-23 16:00:20,805  DEBUG  [ClientHandler] CLIENT:RESET 
2015-01-23 16:00:20,810  DEBUG  [ClientHandler] CLIENT:REQUEST_OTHERS_RESET 
2015-01-23 16:00:20,811  DEBUG  [ClientHandler] CLIENT:REQUEST_OTHERS_RESET 
2015-01-23 16:00:43,259  INFO   [ClientHandler] Connection lost 
2015-01-23 16:00:43,259  INFO   [ClientHandler] Player Player8 disconnected 
2015-01-23 16:00:43,264  DEBUG  [ClientHandler] CLIENT:MARKER#UP 
2015-01-23 16:00:45,100  INFO   [ClientHandler] Connection lost 
2015-01-23 16:00:45,100  INFO   [ClientHandler] Player Player26 disconnected 
2015-01-23 22:21:12,334  INFO   [ServerInstance] New client connected 
2015-01-23 22:21:12,340  INFO   [ClientHandler] Connection lost 
