2015-01-05 20:58:14,286  INFO   [PlayController] PlayController.Initialized 
2015-01-05 20:58:14,392  INFO   [PlayController] Received from server: SUBMITNAME 
2015-01-05 20:58:14,425  INFO   [PlayController] Received from server: INITBOARD#10#10#425#460#Player0# 
2015-01-05 20:58:14,458  INFO   [PlayController] Received from server: INITPLAYER#254#265#186#-16711881# 
2015-01-05 20:58:14,492  INFO   [PlayController] Received from server: NAMEACCEPTED 
2015-01-05 20:58:14,525  INFO   [PlayController] Received from server: ADDPLAYER#Player0#254.0#265.0#186.0#-16711881#0 
2015-01-05 20:58:55,727  INFO   [PlayController] Initialized 
2015-01-05 20:58:55,767  INFO   [PlayController] SERV: SUBMITNAME 
2015-01-05 20:58:55,800  INFO   [PlayController] SERV: INITBOARD#10#10#425#460#Player0# 
2015-01-05 20:58:55,834  INFO   [PlayController] SERV: INITPLAYER#292#164#210#-5635841# 
2015-01-05 20:58:55,838  INFO   [PlayController] Received from server: ADDPLAYER#Player0#254.0#265.0#186.0#-16711881#0 
2015-01-05 20:58:55,841  INFO   [PlayController] Received from server: ADDPLAYER#Player19#292.0#164.0#210.0#-5635841#0 
2015-01-05 20:58:55,867  INFO   [PlayController] SERV: NAMEACCEPTED 
2015-01-05 20:58:55,900  INFO   [PlayController] SERV: ADDPLAYER#Player0#254.0#265.0#186.0#-16711881#0 
2015-01-05 20:58:55,933  INFO   [PlayController] SERV: ADDPLAYER#Player19#292.0#164.0#210.0#-5635841#0 
2015-01-05 21:01:44,258  INFO   [PlayController] SERV: ADDPLAYER#Player0#254.0#265.0#186.0#-16711881#0 
2015-01-05 21:01:44,258  INFO   [PlayController] Received from server: ADDPLAYER#Player0#254.0#265.0#186.0#-16711881#0 
2015-01-05 21:01:44,262  INFO   [PlayController] SERV: ADDPLAYER#Player19#292.0#164.0#210.0#-5635841#0 
2015-01-05 21:01:44,264  INFO   [PlayController] Received from server: ADDPLAYER#Player19#292.0#164.0#210.0#-5635841#0 
2015-01-05 21:01:44,295  INFO   [PlayController] SERV: ADDPLAYER#Player37#164.0#134.0#45.0#-50688#0 
2015-01-05 21:01:44,297  INFO   [PlayController] Received from server: ADDPLAYER#Player37#164.0#134.0#45.0#-50688#0 
2015-01-05 21:04:03,260  INFO   [PlayController] SERV: ADDPLAYER#Player0#254.0#265.0#186.0#-16711881#0 
2015-01-05 21:04:03,264  INFO   [PlayController] SERV: ADDPLAYER#Player43#218.0#227.0#297.0#-6144#0 
2015-01-05 21:04:03,267  INFO   [PlayController] Received from server: ADDPLAYER#Player0#254.0#265.0#186.0#-16711881#0 
2015-01-05 21:04:03,271  INFO   [PlayController] Received from server: ADDPLAYER#Player43#218.0#227.0#297.0#-6144#0 
2015-01-05 21:04:03,297  INFO   [PlayController] SERV: ADDPLAYER#Player19#292.0#164.0#210.0#-5635841#0 
2015-01-05 21:04:03,304  INFO   [PlayController] Received from server: ADDPLAYER#Player19#292.0#164.0#210.0#-5635841#0 
2015-01-05 21:04:03,330  INFO   [PlayController] SERV: ADDPLAYER#Player37#164.0#134.0#45.0#-50688#0 
2015-01-05 21:04:03,337  INFO   [PlayController] Received from server: ADDPLAYER#Player37#164.0#134.0#45.0#-50688#0 
2015-01-05 21:05:31,976  DEBUG  [PlayController] Initialized 
2015-01-05 21:05:32,011  DEBUG  [PlayController] SERV: SUBMITNAME 
2015-01-05 21:05:32,044  DEBUG  [PlayController] SERV: INITBOARD#10#10#425#460#Player0# 
2015-01-05 21:05:32,077  DEBUG  [PlayController] SERV: INITPLAYER#120#316#356#-10682624# 
2015-01-05 21:05:32,086  INFO   [PlayController] SERV: ADDPLAYER#Player5#120.0#316.0#356.0#-10682624#0 
2015-01-05 21:05:32,093  INFO   [PlayController] SERV: ADDPLAYER#Player0#254.0#265.0#186.0#-16711881#0 
2015-01-05 21:05:32,093  INFO   [PlayController] Received from server: ADDPLAYER#Player5#120.0#316.0#356.0#-10682624#0 
2015-01-05 21:05:32,105  INFO   [PlayController] Received from server: ADDPLAYER#Player0#254.0#265.0#186.0#-16711881#0 
2015-01-05 21:05:32,110  DEBUG  [PlayController] SERV: NAMEACCEPTED 
2015-01-05 21:05:32,127  INFO   [PlayController] SERV: ADDPLAYER#Player43#218.0#227.0#297.0#-6144#0 
2015-01-05 21:05:32,138  INFO   [PlayController] Received from server: ADDPLAYER#Player43#218.0#227.0#297.0#-6144#0 
2015-01-05 21:05:32,144  DEBUG  [PlayController] SERV: ADDPLAYER#Player5#120.0#316.0#356.0#-10682624#0 
2015-01-05 21:05:32,160  INFO   [PlayController] SERV: ADDPLAYER#Player19#292.0#164.0#210.0#-5635841#0 
2015-01-05 21:05:32,171  INFO   [PlayController] Received from server: ADDPLAYER#Player19#292.0#164.0#210.0#-5635841#0 
2015-01-05 21:05:32,177  DEBUG  [PlayController] SERV: ADDPLAYER#Player0#254.0#265.0#186.0#-16711881#0 
2015-01-05 21:05:32,193  INFO   [PlayController] SERV: ADDPLAYER#Player37#164.0#134.0#45.0#-50688#0 
2015-01-05 21:05:32,204  INFO   [PlayController] Received from server: ADDPLAYER#Player37#164.0#134.0#45.0#-50688#0 
2015-01-05 21:05:32,210  DEBUG  [PlayController] SERV: ADDPLAYER#Player43#218.0#227.0#297.0#-6144#0 
2015-01-05 21:05:32,243  DEBUG  [PlayController] SERV: ADDPLAYER#Player19#292.0#164.0#210.0#-5635841#0 
2015-01-05 21:05:32,276  DEBUG  [PlayController] SERV: ADDPLAYER#Player37#164.0#134.0#45.0#-50688#0 
2015-01-05 21:05:45,936  DEBUG  [PlayController] Initialized 
2015-01-05 21:05:46,001  DEBUG  [PlayController] SERV: SUBMITNAME 
2015-01-05 21:05:54,716  INFO   [PlayController] SERV: DISCONNECT#Player0#Player19 
2015-01-05 21:05:54,719  DEBUG  [PlayController] SERV: DISCONNECT#Player0#Player19 
2015-01-05 21:05:54,721  INFO   [PlayController] SERV: DISCONNECT#Player45#Player19 
2015-01-05 21:05:54,723  DEBUG  [PlayController] SERV: DISCONNECT#Player45#Player19 
2015-01-05 21:05:57,179  DEBUG  [PlayController] SERV: DISCONNECT#Player19#Player37 
2015-01-05 21:05:59,411  DEBUG  [PlayController] SERV: DISCONNECT#Player37#Player43 
2015-01-05 21:06:05,666  DEBUG  [PlayController] Initialized 
2015-01-05 21:06:05,707  DEBUG  [PlayController] SERV: SUBMITNAME 
2015-01-05 21:06:05,740  DEBUG  [PlayController] SERV: INITBOARD#10#10#425#460#Player43# 
2015-01-05 21:06:05,773  DEBUG  [PlayController] SERV: INITPLAYER#275#172#284#-16734977# 
2015-01-05 21:06:05,776  DEBUG  [PlayController] SERV: ADDPLAYER#Player5#120.0#316.0#356.0#-10682624#0 
2015-01-05 21:06:05,780  DEBUG  [PlayController] SERV: ADDPLAYER#Player38#275.0#172.0#284.0#-16734977#0 
2015-01-05 21:06:05,806  DEBUG  [PlayController] SERV: NAMEACCEPTED 
2015-01-05 21:06:05,813  DEBUG  [PlayController] SERV: ADDPLAYER#Player43#218.0#227.0#297.0#-6144#0 
2015-01-05 21:06:05,839  DEBUG  [PlayController] SERV: ADDPLAYER#Player5#120.0#316.0#356.0#-10682624#0 
2015-01-05 21:06:05,872  DEBUG  [PlayController] SERV: ADDPLAYER#Player38#275.0#172.0#284.0#-16734977#0 
2015-01-05 21:06:05,905  DEBUG  [PlayController] SERV: ADDPLAYER#Player43#218.0#227.0#297.0#-6144#0 
2015-01-05 21:19:13,364  DEBUG  [PlayController] SERV: DISCONNECT#Player5#Player43 
2015-01-05 21:22:23,876  DEBUG  [WelcomeController] Welcome screen 
2015-01-05 21:24:32,436  INFO   [ServerInstance] Server loop initialized 
2015-01-05 21:29:27,428  DEBUG  [WelcomeController] Welcome screen 
2015-01-05 21:29:30,181  INFO   [ConnectFormController] Connected: localhost 
2015-01-05 21:29:30,183  INFO   [ServerInstance] New client connected 
2015-01-05 21:29:30,195  DEBUG  [PlayController] Initialized 
2015-01-05 21:29:30,229  DEBUG  [PlayController] SERV: SUBMITNAME 
2015-01-05 21:29:30,262  DEBUG  [PlayController] SERV: INITBOARD#10#10#425#460#Player18# 
2015-01-05 21:29:30,295  DEBUG  [PlayController] SERV: INITPLAYER#140#294#323#-16733953# 
2015-01-05 21:29:30,328  DEBUG  [PlayController] SERV: NAMEACCEPTED 
2015-01-05 21:29:30,361  DEBUG  [PlayController] SERV: ADDPLAYER#Player18#140.0#294.0#323.0#-16733953#0 
2015-01-05 21:29:33,090  DEBUG  [WelcomeController] Welcome screen 
2015-01-05 21:29:35,940  INFO   [ServerInstance] New client connected 
2015-01-05 21:29:35,940  INFO   [ConnectFormController] Connected: localhost 
2015-01-05 21:29:35,962  DEBUG  [PlayController] Initialized 
2015-01-05 21:29:36,002  DEBUG  [PlayController] SERV: SUBMITNAME 
2015-01-05 21:29:36,035  DEBUG  [PlayController] SERV: INITBOARD#10#10#425#460#Player18# 
2015-01-05 21:29:36,068  DEBUG  [PlayController] SERV: INITPLAYER#274#250#349#-14287104# 
2015-01-05 21:29:36,072  DEBUG  [PlayController] SERV: ADDPLAYER#Player16#274.0#250.0#349.0#-14287104#0 
2015-01-05 21:29:36,075  DEBUG  [PlayController] SERV: ADDPLAYER#Player18#140.0#294.0#323.0#-16733953#0 
2015-01-05 21:29:36,101  DEBUG  [PlayController] SERV: NAMEACCEPTED 
2015-01-05 21:29:36,134  DEBUG  [PlayController] SERV: ADDPLAYER#Player16#274.0#250.0#349.0#-14287104#0 
2015-01-05 21:29:36,168  DEBUG  [PlayController] SERV: ADDPLAYER#Player18#140.0#294.0#323.0#-16733953#0 
2015-01-05 21:29:38,299  DEBUG  [PlayController] SERV: GAMESTARTED 
2015-01-05 21:29:38,299  DEBUG  [PlayController] SERV: GAMESTARTED 
2015-01-05 21:29:38,302  DEBUG  [PlayController] SERV: OTHERSPOSITION#Player16,272,249,true#Player18,138,294,true# 
2015-01-05 21:29:38,303  DEBUG  [PlayController] SERV: OTHERSPOSITION#Player16,272,249,true#Player18,138,294,true# 
2015-01-05 21:29:38,335  DEBUG  [PlayController] SERV: OTHERSPOSITION#Player16,271,249,true#Player18,137,295,true# 
2015-01-05 21:29:38,337  DEBUG  [PlayController] SERV: OTHERSPOSITION#Player16,271,249,true#Player18,137,295,true# 
2015-01-05 21:29:38,368  DEBUG  [PlayController] SERV: OTHERSPOSITION#Player16,270,248,true#Player18,136,295,true# 
2015-01-05 21:29:38,370  DEBUG  [PlayController] SERV: OTHERSPOSITION#Player16,270,248,true#Player18,136,295,true# 
2015-01-05 21:29:38,401  DEBUG  [PlayController] SERV: OTHERSPOSITION#Player16,269,248,true#Player18,135,296,true# 
2015-01-05 21:29:38,403  DEBUG  [PlayController] SERV: OTHERSPOSITION#Player16,269,248,true#Player18,135,296,true# 
2015-01-05 21:29:38,434  DEBUG  [PlayController] SERV: OTHERSPOSITION#Player16,268,248,true#Player18,134,297,true# 
2015-01-05 21:29:38,436  DEBUG  [PlayController] SERV: OTHERSPOSITION#Player16,268,248,true#Player18,134,297,true# 
2015-01-05 21:29:38,467  DEBUG  [PlayController] SERV: OTHERSPOSITION#Player16,267,247,true#Player18,133,297,true# 
2015-01-05 21:29:38,470  DEBUG  [PlayController] SERV: OTHERSPOSITION#Player16,267,247,true#Player18,133,297,true# 
2015-01-05 21:29:38,500  DEBUG  [PlayController] SERV: OTHERSPOSITION#Player16,265,247,true#Player18,132,298,true# 
2015-01-05 21:29:38,503  DEBUG  [PlayController] SERV: OTHERSPOSITION#Player16,265,247,true#Player18,132,298,true# 
2015-01-05 21:29:38,534  DEBUG  [PlayController] SERV: OTHERSPOSITION#Player16,264,247,true#Player18,131,299,true# 
2015-01-05 21:29:38,536  DEBUG  [PlayController] SERV: OTHERSPOSITION#Player16,264,247,true#Player18,131,299,true# 
2015-01-05 21:29:38,567  DEBUG  [PlayController] SERV: OTHERSPOSITION#Player16,263,246,true#Player18,130,299,true# 
2015-01-05 21:29:38,569  DEBUG  [PlayController] SERV: OTHERSPOSITION#Player16,263,246,true#Player18,130,299,true# 
2015-01-05 21:29:38,600  DEBUG  [PlayController] SERV: OTHERSPOSITION#Player16,262,246,true#Player18,129,300,true# 
2015-01-05 21:29:38,602  DEBUG  [PlayController] SERV: OTHERSPOSITION#Player16,262,246,true#Player18,129,300,true# 
2015-01-05 21:29:38,633  DEBUG  [PlayController] SERV: OTHERSPOSITION#Player16,261,246,true#Player18,128,301,true# 
2015-01-05 21:29:38,635  DEBUG  [PlayController] SERV: OTHERSPOSITION#Player16,261,246,true#Player18,128,301,true# 
2015-01-05 21:29:38,666  DEBUG  [PlayController] SERV: OTHERSPOSITION#Player16,260,245,true#Player18,128,301,true# 
2015-01-05 21:29:38,668  DEBUG  [PlayController] SERV: OTHERSPOSITION#Player16,260,245,true#Player18,128,301,true# 
2015-01-05 21:29:38,699  DEBUG  [PlayController] SERV: OTHERSPOSITION#Player16,259,245,true#Player18,127,302,true# 
2015-01-05 21:29:38,701  DEBUG  [PlayController] SERV: OTHERSPOSITION#Player16,259,245,true#Player18,127,302,true# 
2015-01-05 21:29:38,732  DEBUG  [PlayController] SERV: OTHERSPOSITION#Player16,257,245,true#Player18,126,303,true# 
2015-01-05 21:29:38,734  DEBUG  [PlayController] SERV: OTHERSPOSITION#Player16,257,245,true#Player18,126,303,true# 
2015-01-05 21:29:38,766  DEBUG  [PlayController] SERV: OTHERSPOSITION#Player16,256,244,true#Player18,125,304,true# 
2015-01-05 21:29:38,769  DEBUG  [PlayController] SERV: OTHERSPOSITION#Player16,256,244,true#Player18,125,304,true# 
2015-01-05 21:29:38,799  DEBUG  [PlayController] SERV: OTHERSPOSITION#Player16,255,244,true#Player18,124,305,true# 
2015-01-05 21:29:38,802  DEBUG  [PlayController] SERV: OTHERSPOSITION#Player16,255,244,true#Player18,124,305,true# 
2015-01-05 21:29:38,832  DEBUG  [PlayController] SERV: OTHERSPOSITION#Player16,254,244,true#Player18,123,306,true# 
2015-01-05 21:29:38,835  DEBUG  [PlayController] SERV: OTHERSPOSITION#Player16,254,244,true#Player18,123,306,true# 
2015-01-05 21:29:38,865  DEBUG  [PlayController] SERV: OTHERSPOSITION#Player16,253,243,true#Player18,123,307,true# 
2015-01-05 21:29:38,868  DEBUG  [PlayController] SERV: OTHERSPOSITION#Player16,253,243,true#Player18,123,307,true# 
2015-01-05 21:29:38,898  DEBUG  [PlayController] SERV: OTHERSPOSITION#Player16,252,243,true#Player18,122,308,true# 
2015-01-05 21:29:38,901  DEBUG  [PlayController] SERV: OTHERSPOSITION#Player16,252,243,true#Player18,122,308,true# 
2015-01-05 21:29:38,931  DEBUG  [PlayController] SERV: OTHERSPOSITION#Player16,250,243,true#Player18,121,309,true# 
2015-01-05 21:29:38,934  DEBUG  [PlayController] SERV: OTHERSPOSITION#Player16,250,243,true#Player18,121,309,true# 
2015-01-05 21:29:38,964  DEBUG  [PlayController] SERV: OTHERSPOSITION#Player16,249,242,true#Player18,121,310,true# 
2015-01-05 21:29:38,967  DEBUG  [PlayController] SERV: OTHERSPOSITION#Player16,249,242,true#Player18,121,310,true# 
2015-01-05 21:29:38,997  DEBUG  [PlayController] SERV: OTHERSPOSITION#Player16,248,242,true#Player18,120,311,true# 
2015-01-05 21:29:39,000  DEBUG  [PlayController] SERV: OTHERSPOSITION#Player16,248,242,true#Player18,120,311,true# 
2015-01-05 21:29:39,030  DEBUG  [PlayController] SERV: OTHERSPOSITION#Player16,247,242,true#Player18,120,312,true# 
2015-01-05 21:29:39,033  DEBUG  [PlayController] SERV: OTHERSPOSITION#Player16,247,242,true#Player18,120,312,true# 
2015-01-05 21:29:39,063  DEBUG  [PlayController] SERV: OTHERSPOSITION#Player16,246,241,true#Player18,119,313,true# 
2015-01-05 21:29:39,066  DEBUG  [PlayController] SERV: OTHERSPOSITION#Player16,246,241,true#Player18,119,313,true# 
2015-01-05 21:29:39,096  DEBUG  [PlayController] SERV: OTHERSPOSITION#Player16,245,241,true#Player18,119,314,true# 
2015-01-05 21:29:39,099  DEBUG  [PlayController] SERV: OTHERSPOSITION#Player16,245,241,true#Player18,119,314,true# 
2015-01-05 21:29:39,129  DEBUG  [PlayController] SERV: OTHERSPOSITION#Player16,244,241,true#Player18,119,315,true# 
2015-01-05 21:29:39,132  DEBUG  [PlayController] SERV: OTHERSPOSITION#Player16,244,241,true#Player18,119,315,true# 
2015-01-05 21:29:39,162  DEBUG  [PlayController] SERV: OTHERSPOSITION#Player16,242,240,true#Player18,119,317,true# 
2015-01-05 21:29:39,165  DEBUG  [PlayController] SERV: OTHERSPOSITION#Player16,242,240,true#Player18,119,317,true# 
2015-01-05 21:29:39,195  DEBUG  [PlayController] SERV: OTHERSPOSITION#Player16,241,240,true#Player18,118,318,true# 
2015-01-05 21:29:39,198  DEBUG  [PlayController] SERV: OTHERSPOSITION#Player16,241,240,true#Player18,118,318,true# 
2015-01-05 21:29:39,228  DEBUG  [PlayController] SERV: OTHERSPOSITION#Player16,240,240,true#Player18,118,319,true# 
2015-01-05 21:29:39,231  DEBUG  [PlayController] SERV: OTHERSPOSITION#Player16,240,240,true#Player18,118,319,true# 
2015-01-05 21:29:39,261  DEBUG  [PlayController] SERV: OTHERSPOSITION#Player16,239,239,true#Player18,118,320,true# 
2015-01-05 21:29:39,274  DEBUG  [PlayController] SERV: OTHERSPOSITION#Player16,239,239,true#Player18,118,320,true# 
2015-01-05 21:29:39,295  DEBUG  [PlayController] SERV: OTHERSPOSITION#Player16,238,239,true#Player18,118,321,true# 
2015-01-05 21:29:39,297  DEBUG  [PlayController] SERV: OTHERSPOSITION#Player16,238,239,true#Player18,118,321,true# 
2015-01-05 21:29:39,328  DEBUG  [PlayController] SERV: OTHERSPOSITION#Player16,237,239,true#Player18,118,323,true# 
2015-01-05 21:29:39,330  DEBUG  [PlayController] SERV: OTHERSPOSITION#Player16,237,239,true#Player18,118,323,true# 
2015-01-05 21:29:39,361  DEBUG  [PlayController] SERV: OTHERSPOSITION#Player16,235,238,true#Player18,118,324,true# 
2015-01-05 21:29:39,363  DEBUG  [PlayController] SERV: OTHERSPOSITION#Player16,235,238,true#Player18,118,324,true# 
2015-01-05 21:29:39,394  DEBUG  [PlayController] SERV: OTHERSPOSITION#Player16,234,238,true#Player18,119,325,true# 
2015-01-05 21:29:39,396  DEBUG  [PlayController] SERV: OTHERSPOSITION#Player16,234,238,true#Player18,119,325,true# 
2015-01-05 21:29:39,427  DEBUG  [PlayController] SERV: OTHERSPOSITION#Player16,233,238,true#Player18,119,326,true# 
2015-01-05 21:29:39,429  DEBUG  [PlayController] SERV: OTHERSPOSITION#Player16,233,238,true#Player18,119,326,true# 
2015-01-05 21:29:39,460  DEBUG  [PlayController] SERV: OTHERSPOSITION#Player16,232,237,true#Player18,119,327,true# 
2015-01-05 21:29:39,462  DEBUG  [PlayController] SERV: OTHERSPOSITION#Player16,232,237,true#Player18,119,327,true# 
2015-01-05 21:29:39,493  DEBUG  [PlayController] SERV: OTHERSPOSITION#Player16,231,237,true#Player18,120,328,true# 
2015-01-05 21:29:39,495  DEBUG  [PlayController] SERV: OTHERSPOSITION#Player16,231,237,true#Player18,120,328,true# 
2015-01-05 21:29:39,526  DEBUG  [PlayController] SERV: OTHERSPOSITION#Player16,230,237,true#Player18,120,330,true# 
2015-01-05 21:29:39,528  DEBUG  [PlayController] SERV: OTHERSPOSITION#Player16,230,237,true#Player18,120,330,true# 
2015-01-05 21:29:39,559  DEBUG  [PlayController] SERV: OTHERSPOSITION#Player16,229,236,true#Player18,120,331,true# 
2015-01-05 21:29:39,561  DEBUG  [PlayController] SERV: OTHERSPOSITION#Player16,229,236,true#Player18,120,331,true# 
2015-01-05 21:29:39,593  DEBUG  [PlayController] SERV: OTHERSPOSITION#Player16,227,236,true#Player18,121,332,true# 
2015-01-05 21:29:39,595  DEBUG  [PlayController] SERV: OTHERSPOSITION#Player16,227,236,true#Player18,121,332,true# 
2015-01-05 21:29:39,626  DEBUG  [PlayController] SERV: OTHERSPOSITION#Player16,226,236,true#Player18,122,333,true# 
2015-01-05 21:29:39,628  DEBUG  [PlayController] SERV: OTHERSPOSITION#Player16,226,236,true#Player18,122,333,true# 
2015-01-05 21:29:39,659  DEBUG  [PlayController] SERV: OTHERSPOSITION#Player16,225,235,true#Player18,122,334,true# 
2015-01-05 21:29:39,661  DEBUG  [PlayController] SERV: OTHERSPOSITION#Player16,225,235,true#Player18,122,334,true# 
2015-01-05 21:29:39,692  DEBUG  [PlayController] SERV: OTHERSPOSITION#Player16,224,235,true#Player18,123,335,true# 
2015-01-05 21:29:39,694  DEBUG  [PlayController] SERV: OTHERSPOSITION#Player16,224,235,true#Player18,123,335,true# 
2015-01-05 21:29:39,725  DEBUG  [PlayController] SERV: OTHERSPOSITION#Player16,223,235,true#Player18,124,336,true# 
2015-01-05 21:29:39,727  DEBUG  [PlayController] SERV: OTHERSPOSITION#Player16,223,235,true#Player18,124,336,true# 
2015-01-05 21:29:39,758  DEBUG  [PlayController] SERV: OTHERSPOSITION#Player16,222,234,true#Player18,124,337,true# 
2015-01-05 21:29:39,760  DEBUG  [PlayController] SERV: OTHERSPOSITION#Player16,222,234,true#Player18,124,337,true# 
2015-01-05 21:29:39,791  DEBUG  [PlayController] SERV: OTHERSPOSITION#Player16,220,234,true#Player18,125,337,true# 
2015-01-05 21:29:39,793  DEBUG  [PlayController] SERV: OTHERSPOSITION#Player16,220,234,true#Player18,125,337,true# 
2015-01-05 21:29:39,824  DEBUG  [PlayController] SERV: OTHERSPOSITION#Player16,219,234,true#Player18,126,338,true# 
2015-01-05 21:29:39,826  DEBUG  [PlayController] SERV: OTHERSPOSITION#Player16,219,234,true#Player18,126,338,true# 
2015-01-05 21:29:39,857  DEBUG  [PlayController] SERV: OTHERSPOSITION#Player16,218,233,true#Player18,127,339,true# 
2015-01-05 21:29:39,859  DEBUG  [PlayController] SERV: OTHERSPOSITION#Player16,218,233,true#Player18,127,339,true# 
2015-01-05 21:29:39,890  DEBUG  [PlayController] SERV: OTHERSPOSITION#Player16,217,233,true#Player18,128,340,true# 
2015-01-05 21:29:39,892  DEBUG  [PlayController] SERV: OTHERSPOSITION#Player16,217,233,true#Player18,128,340,true# 
2015-01-05 21:29:39,923  DEBUG  [PlayController] SERV: OTHERSPOSITION#Player16,216,233,true#Player18,129,341,true# 
2015-01-05 21:29:39,925  DEBUG  [PlayController] SERV: OTHERSPOSITION#Player16,216,233,true#Player18,129,341,true# 
2015-01-05 21:29:39,957  DEBUG  [PlayController] SERV: OTHERSPOSITION#Player16,215,232,true#Player18,130,341,true# 
2015-01-05 21:29:39,959  DEBUG  [PlayController] SERV: OTHERSPOSITION#Player16,215,232,true#Player18,130,341,true# 
2015-01-05 21:29:39,991  DEBUG  [PlayController] SERV: OTHERSPOSITION#Player16,214,232,true#Player18,131,342,true# 
2015-01-05 21:29:39,992  DEBUG  [PlayController] SERV: OTHERSPOSITION#Player16,214,232,true#Player18,131,342,true# 
2015-01-05 21:29:40,024  DEBUG  [PlayController] SERV: OTHERSPOSITION#Player16,212,232,true#Player18,132,342,true# 
2015-01-05 21:29:40,025  DEBUG  [PlayController] SERV: OTHERSPOSITION#Player16,212,232,true#Player18,132,342,true# 
2015-01-05 21:29:40,057  DEBUG  [PlayController] SERV: OTHERSPOSITION#Player16,211,231,true#Player18,133,343,true# 
2015-01-05 21:29:40,058  DEBUG  [PlayController] SERV: OTHERSPOSITION#Player16,211,231,true#Player18,133,343,true# 
2015-01-05 21:29:40,090  DEBUG  [PlayController] SERV: OTHERSPOSITION#Player16,210,231,true#Player18,134,343,true# 
2015-01-05 21:29:40,091  DEBUG  [PlayController] SERV: OTHERSPOSITION#Player16,210,231,true#Player18,134,343,true# 
2015-01-05 21:29:40,123  DEBUG  [PlayController] SERV: OTHERSPOSITION#Player16,209,231,true#Player18,136,344,true# 
2015-01-05 21:29:40,124  DEBUG  [PlayController] SERV: OTHERSPOSITION#Player16,209,231,true#Player18,136,344,true# 
2015-01-05 21:29:40,156  DEBUG  [PlayController] SERV: OTHERSPOSITION#Player16,208,230,true#Player18,137,344,true# 
2015-01-05 21:29:40,157  DEBUG  [PlayController] SERV: OTHERSPOSITION#Player16,208,230,true#Player18,137,344,true# 
2015-01-05 21:29:40,189  DEBUG  [PlayController] SERV: OTHERSPOSITION#Player16,207,230,true#Player18,138,344,true# 
2015-01-05 21:29:40,190  DEBUG  [PlayController] SERV: OTHERSPOSITION#Player16,207,230,true#Player18,138,344,true# 
2015-01-05 21:29:40,222  DEBUG  [PlayController] SERV: OTHERSPOSITION#Player16,206,230,true#Player18,139,344,true# 
2015-01-05 21:29:40,223  DEBUG  [PlayController] SERV: OTHERSPOSITION#Player16,206,230,true#Player18,139,344,true# 
2015-01-05 21:29:40,255  DEBUG  [PlayController] SERV: OTHERSPOSITION#Player16,204,229,true#Player18,140,344,true# 
2015-01-05 21:29:40,256  DEBUG  [PlayController] SERV: OTHERSPOSITION#Player16,204,229,true#Player18,140,344,true# 
2015-01-05 21:29:40,288  DEBUG  [PlayController] SERV: OTHERSPOSITION#Player16,203,229,true#Player18,141,344,true# 
2015-01-05 21:29:40,290  DEBUG  [PlayController] SERV: OTHERSPOSITION#Player16,203,229,true#Player18,141,344,true# 
2015-01-05 21:29:40,321  DEBUG  [PlayController] SERV: OTHERSPOSITION#Player16,202,229,true#Player18,143,344,true# 
2015-01-05 21:29:40,323  DEBUG  [PlayController] SERV: OTHERSPOSITION#Player16,202,229,true#Player18,143,344,true# 
2015-01-05 21:29:40,354  DEBUG  [PlayController] SERV: OTHERSPOSITION#Player16,201,228,true#Player18,144,344,true# 
2015-01-05 21:29:40,356  DEBUG  [PlayController] SERV: OTHERSPOSITION#Player16,201,228,true#Player18,144,344,true# 
2015-01-05 21:29:40,387  DEBUG  [PlayController] SERV: OTHERSPOSITION#Player16,200,228,true#Player18,145,344,true# 
2015-01-05 21:29:40,389  DEBUG  [PlayController] SERV: OTHERSPOSITION#Player16,200,228,true#Player18,145,344,true# 
2015-01-05 21:29:40,421  DEBUG  [PlayController] SERV: OTHERSPOSITION#Player16,199,228,true#Player18,146,344,true# 
2015-01-05 21:29:40,422  DEBUG  [PlayController] SERV: OTHERSPOSITION#Player16,199,228,true#Player18,146,344,true# 
2015-01-05 21:29:40,454  DEBUG  [PlayController] SERV: OTHERSPOSITION#Player16,197,227,true#Player18,147,344,true# 
2015-01-05 21:29:40,455  DEBUG  [PlayController] SERV: OTHERSPOSITION#Player16,197,227,true#Player18,147,344,true# 
2015-01-05 21:29:40,487  DEBUG  [PlayController] SERV: OTHERSPOSITION#Player16,196,227,true#Player18,149,344,true# 
2015-01-05 21:29:40,488  DEBUG  [PlayController] SERV: OTHERSPOSITION#Player16,196,227,true#Player18,149,344,true# 
2015-01-05 21:29:40,520  DEBUG  [PlayController] SERV: OTHERSPOSITION#Player16,195,227,true#Player18,150,343,true# 
2015-01-05 21:29:40,521  DEBUG  [PlayController] SERV: OTHERSPOSITION#Player16,195,227,true#Player18,150,343,true# 
2015-01-05 21:29:40,553  DEBUG  [PlayController] SERV: OTHERSPOSITION#Player16,194,226,true#Player18,151,343,true# 
2015-01-05 21:29:40,554  DEBUG  [PlayController] SERV: OTHERSPOSITION#Player16,194,226,true#Player18,151,343,true# 
2015-01-05 21:29:40,587  DEBUG  [PlayController] SERV: OTHERSPOSITION#Player16,193,226,true#Player18,152,342,true# 
2015-01-05 21:29:40,587  DEBUG  [PlayController] SERV: OTHERSPOSITION#Player16,193,226,true#Player18,152,342,true# 
2015-01-05 21:29:40,620  DEBUG  [PlayController] SERV: OTHERSPOSITION#Player16,192,226,true#Player18,153,342,true# 
2015-01-05 21:29:40,620  DEBUG  [PlayController] SERV: OTHERSPOSITION#Player16,192,226,true#Player18,153,342,true# 
2015-01-05 21:29:40,653  DEBUG  [PlayController] SERV: OTHERSPOSITION#Player16,191,225,true#Player18,154,341,true# 
2015-01-05 21:29:40,653  DEBUG  [PlayController] SERV: OTHERSPOSITION#Player16,191,225,true#Player18,154,341,true# 
2015-01-05 21:29:40,686  DEBUG  [PlayController] SERV: OTHERSPOSITION#Player16,189,225,true#Player18,155,341,true# 
2015-01-05 21:29:40,686  DEBUG  [PlayController] SERV: OTHERSPOSITION#Player16,189,225,true#Player18,155,341,true# 
2015-01-05 21:29:40,719  DEBUG  [PlayController] SERV: OTHERSPOSITION#Player16,188,225,true#Player18,156,340,true# 
2015-01-05 21:29:40,719  DEBUG  [PlayController] SERV: OTHERSPOSITION#Player16,188,225,true#Player18,156,340,true# 
2015-01-05 21:29:40,752  DEBUG  [PlayController] SERV: OTHERSPOSITION#Player16,187,224,true#Player18,157,339,true# 
2015-01-05 21:29:40,753  DEBUG  [PlayController] SERV: OTHERSPOSITION#Player16,187,224,true#Player18,157,339,true# 
2015-01-05 21:29:40,785  DEBUG  [PlayController] SERV: OTHERSPOSITION#Player16,186,224,true#Player18,158,339,true# 
2015-01-05 21:29:40,786  DEBUG  [PlayController] SERV: OTHERSPOSITION#Player16,186,224,true#Player18,158,339,true# 
2015-01-05 21:29:40,818  DEBUG  [PlayController] SERV: OTHERSPOSITION#Player16,185,224,true#Player18,159,338,true# 
2015-01-05 21:29:40,819  DEBUG  [PlayController] SERV: OTHERSPOSITION#Player16,185,224,true#Player18,159,338,true# 
2015-01-05 21:29:40,851  DEBUG  [PlayController] SERV: OTHERSPOSITION#Player16,184,223,true#Player18,160,337,true# 
2015-01-05 21:29:40,852  DEBUG  [PlayController] SERV: OTHERSPOSITION#Player16,184,223,true#Player18,160,337,true# 
2015-01-05 21:29:40,884  DEBUG  [PlayController] SERV: OTHERSPOSITION#Player16,182,223,true#Player18,161,336,true# 
2015-01-05 21:29:40,885  DEBUG  [PlayController] SERV: OTHERSPOSITION#Player16,182,223,true#Player18,161,336,true# 
2015-01-05 21:29:40,917  DEBUG  [PlayController] SERV: OTHERSPOSITION#Player16,181,223,true#Player18,161,335,true# 
2015-01-05 21:29:40,918  DEBUG  [PlayController] SERV: OTHERSPOSITION#Player16,181,223,true#Player18,161,335,true# 
2015-01-05 21:29:40,950  DEBUG  [PlayController] SERV: OTHERSPOSITION#Player16,180,222,true#Player18,162,334,true# 
2015-01-05 21:29:40,951  DEBUG  [PlayController] SERV: OTHERSPOSITION#Player16,180,222,true#Player18,162,334,true# 
2015-01-05 21:29:40,983  DEBUG  [PlayController] SERV: OTHERSPOSITION#Player16,179,222,true#Player18,163,333,true# 
2015-01-05 21:29:40,984  DEBUG  [PlayController] SERV: OTHERSPOSITION#Player16,179,222,true#Player18,163,333,true# 
2015-01-05 21:29:41,017  DEBUG  [PlayController] SERV: OTHERSPOSITION#Player16,178,222,true#Player18,163,332,true# 
2015-01-05 21:29:41,018  DEBUG  [PlayController] SERV: OTHERSPOSITION#Player16,178,222,true#Player18,163,332,true# 
2015-01-05 21:29:41,050  DEBUG  [PlayController] SERV: OTHERSPOSITION#Player16,177,221,true#Player18,164,331,true# 
2015-01-05 21:29:41,052  DEBUG  [PlayController] SERV: OTHERSPOSITION#Player16,177,221,true#Player18,164,331,true# 
2015-01-05 21:29:41,083  DEBUG  [PlayController] SERV: OTHERSPOSITION#Player16,176,221,true#Player18,164,330,true# 
2015-01-05 21:29:41,085  DEBUG  [PlayController] SERV: OTHERSPOSITION#Player16,176,221,true#Player18,164,330,true# 
2015-01-05 21:29:41,116  DEBUG  [PlayController] SERV: OTHERSPOSITION#Player16,174,221,true#Player18,165,329,true# 
2015-01-05 21:29:41,118  DEBUG  [PlayController] SERV: OTHERSPOSITION#Player16,174,221,true#Player18,165,329,true# 
2015-01-05 21:29:41,149  DEBUG  [PlayController] SERV: OTHERSPOSITION#Player16,173,220,true#Player18,165,328,true# 
2015-01-05 21:29:41,151  DEBUG  [PlayController] SERV: OTHERSPOSITION#Player16,173,220,true#Player18,165,328,true# 
2015-01-05 21:29:41,182  DEBUG  [PlayController] SERV: OTHERSPOSITION#Player16,172,220,true#Player18,165,326,true# 
2015-01-05 21:29:41,184  DEBUG  [PlayController] SERV: OTHERSPOSITION#Player16,172,220,true#Player18,165,326,true# 
2015-01-05 21:29:41,215  DEBUG  [PlayController] SERV: OTHERSPOSITION#Player16,171,220,true#Player18,166,325,true# 
2015-01-05 21:29:41,217  DEBUG  [PlayController] SERV: OTHERSPOSITION#Player16,171,220,true#Player18,166,325,true# 
2015-01-05 21:29:41,248  DEBUG  [PlayController] SERV: OTHERSPOSITION#Player16,170,219,true#Player18,166,324,true# 
2015-01-05 21:29:41,250  DEBUG  [PlayController] SERV: OTHERSPOSITION#Player16,170,219,true#Player18,166,324,true# 
2015-01-05 21:29:41,281  DEBUG  [PlayController] SERV: OTHERSPOSITION#Player16,169,219,true#Player18,166,323,true# 
2015-01-05 21:29:41,283  DEBUG  [PlayController] SERV: OTHERSPOSITION#Player16,169,219,true#Player18,166,323,true# 
2015-01-05 21:29:41,314  DEBUG  [PlayController] SERV: OTHERSPOSITION#Player16,167,219,true#Player18,166,322,true# 
2015-01-05 21:29:41,316  DEBUG  [PlayController] SERV: OTHERSPOSITION#Player16,167,219,true#Player18,166,322,true# 
2015-01-05 21:29:41,347  DEBUG  [PlayController] SERV: OTHERSPOSITION#Player16,166,218,true#Player18,166,321,true# 
2015-01-05 21:29:41,349  DEBUG  [PlayController] SERV: OTHERSPOSITION#Player16,166,218,true#Player18,166,321,true# 
2015-01-05 21:29:41,380  DEBUG  [PlayController] SERV: OTHERSPOSITION#Player16,165,218,true#Player18,166,319,true# 
2015-01-05 21:29:41,382  DEBUG  [PlayController] SERV: OTHERSPOSITION#Player16,165,218,true#Player18,166,319,true# 
2015-01-05 21:29:41,413  DEBUG  [PlayController] SERV: OTHERSPOSITION#Player16,164,218,true#Player18,166,318,true# 
2015-01-05 21:29:41,415  DEBUG  [PlayController] SERV: OTHERSPOSITION#Player16,164,218,true#Player18,166,318,true# 
2015-01-05 21:29:41,446  DEBUG  [PlayController] SERV: OTHERSPOSITION#Player16,163,217,true#Player18,166,317,true# 
2015-01-05 21:29:41,448  DEBUG  [PlayController] SERV: OTHERSPOSITION#Player16,163,217,true#Player18,166,317,true# 
2015-01-05 21:29:41,479  DEBUG  [PlayController] SERV: OTHERSPOSITION#Player16,162,217,true#Player18,166,316,true# 
2015-01-05 21:29:41,481  DEBUG  [PlayController] SERV: OTHERSPOSITION#Player16,162,217,true#Player18,166,316,true# 
2015-01-05 21:29:41,512  DEBUG  [PlayController] SERV: OTHERSPOSITION#Player16,161,217,true#Player18,165,315,true# 
2015-01-05 21:29:41,514  DEBUG  [PlayController] SERV: OTHERSPOSITION#Player16,161,217,true#Player18,165,315,true# 
2015-01-05 21:29:41,545  DEBUG  [PlayController] SERV: OTHERSPOSITION#Player16,159,216,true#Player18,165,313,true# 
2015-01-05 21:29:41,547  DEBUG  [PlayController] SERV: OTHERSPOSITION#Player16,159,216,true#Player18,165,313,true# 
2015-01-05 21:29:41,578  DEBUG  [PlayController] SERV: OTHERSPOSITION#Player16,158,216,true#Player18,165,312,true# 
2015-01-05 21:29:41,580  DEBUG  [PlayController] SERV: OTHERSPOSITION#Player16,158,216,true#Player18,165,312,true# 
2015-01-05 21:29:41,611  DEBUG  [PlayController] SERV: OTHERSPOSITION#Player16,157,216,true#Player18,164,311,true# 
2015-01-05 21:29:41,613  DEBUG  [PlayController] SERV: OTHERSPOSITION#Player16,157,216,true#Player18,164,311,true# 
2015-01-05 21:29:41,644  DEBUG  [PlayController] SERV: OTHERSPOSITION#Player16,156,215,true#Player18,164,310,true# 
2015-01-05 21:29:41,647  DEBUG  [PlayController] SERV: OTHERSPOSITION#Player16,156,215,true#Player18,164,310,true# 
2015-01-05 21:29:41,677  DEBUG  [PlayController] SERV: OTHERSPOSITION#Player16,155,215,true#Player18,163,309,true# 
2015-01-05 21:29:41,680  DEBUG  [PlayController] SERV: OTHERSPOSITION#Player16,155,215,true#Player18,163,309,true# 
2015-01-05 21:29:41,711  DEBUG  [PlayController] SERV: OTHERSPOSITION#Player16,154,215,true#Player18,163,308,true# 
2015-01-05 21:29:41,714  DEBUG  [PlayController] SERV: OTHERSPOSITION#Player16,154,215,true#Player18,163,308,true# 
2015-01-05 21:29:41,744  DEBUG  [PlayController] SERV: OTHERSPOSITION#Player16,153,214,true#Player18,162,307,true# 
2015-01-05 21:29:41,748  DEBUG  [PlayController] SERV: OTHERSPOSITION#Player16,153,214,true#Player18,162,307,true# 
2015-01-05 21:29:41,777  DEBUG  [PlayController] SERV: OTHERSPOSITION#Player16,151,214,true#Player18,161,306,true# 
2015-01-05 21:29:41,782  DEBUG  [PlayController] SERV: OTHERSPOSITION#Player16,151,214,true#Player18,161,306,true# 
2015-01-05 21:29:41,810  DEBUG  [PlayController] SERV: OTHERSPOSITION#Player16,150,214,true#Player18,161,305,true# 
2015-01-05 21:29:41,816  DEBUG  [PlayController] SERV: OTHERSPOSITION#Player16,150,214,true#Player18,161,305,true# 
2015-01-05 21:29:41,843  DEBUG  [PlayController] SERV: OTHERSPOSITION#Player16,149,213,true#Player18,160,304,true# 
2015-01-05 21:29:41,849  DEBUG  [PlayController] SERV: OTHERSPOSITION#Player16,149,213,true#Player18,160,304,true# 
2015-01-05 21:29:41,876  DEBUG  [PlayController] SERV: OTHERSPOSITION#Player16,148,213,true#Player18,159,303,true# 
2015-01-05 21:29:41,883  DEBUG  [PlayController] SERV: OTHERSPOSITION#Player16,148,213,true#Player18,159,303,true# 
2015-01-05 21:29:41,909  DEBUG  [PlayController] SERV: OTHERSPOSITION#Player16,147,213,true#Player18,158,302,true# 
2015-01-05 21:29:41,916  DEBUG  [PlayController] SERV: OTHERSPOSITION#Player16,147,213,true#Player18,158,302,true# 
2015-01-05 21:29:41,942  DEBUG  [PlayController] SERV: OTHERSPOSITION#Player16,146,212,true#Player18,157,302,true# 
2015-01-05 21:29:41,949  DEBUG  [PlayController] SERV: OTHERSPOSITION#Player16,146,212,true#Player18,157,302,true# 
2015-01-05 21:29:41,975  DEBUG  [PlayController] SERV: OTHERSPOSITION#Player16,144,212,true#Player18,156,301,true# 
2015-01-05 21:29:41,982  DEBUG  [PlayController] SERV: OTHERSPOSITION#Player16,144,212,true#Player18,156,301,true# 
2015-01-05 21:29:42,008  DEBUG  [PlayController] SERV: OTHERSPOSITION#Player16,143,212,true#Player18,155,300,true# 
2015-01-05 21:29:42,015  DEBUG  [PlayController] SERV: OTHERSPOSITION#Player16,143,212,true#Player18,155,300,true# 
2015-01-05 21:29:42,041  DEBUG  [PlayController] SERV: OTHERSPOSITION#Player16,142,211,true#Player18,154,300,true# 
2015-01-05 21:29:42,048  DEBUG  [PlayController] SERV: OTHERSPOSITION#Player16,142,211,true#Player18,154,300,true# 
2015-01-05 21:29:42,074  DEBUG  [PlayController] SERV: OTHERSPOSITION#Player16,141,211,true#Player18,153,299,true# 
2015-01-05 21:29:42,081  DEBUG  [PlayController] SERV: OTHERSPOSITION#Player16,141,211,true#Player18,153,299,true# 
2015-01-05 21:29:42,107  DEBUG  [PlayController] SERV: OTHERSPOSITION#Player16,140,211,true#Player18,152,299,true# 
2015-01-05 21:29:42,114  DEBUG  [PlayController] SERV: OTHERSPOSITION#Player16,140,211,true#Player18,152,299,true# 
2015-01-05 21:29:42,140  DEBUG  [PlayController] SERV: OTHERSPOSITION#Player16,139,210,true#Player18,151,298,true# 
2015-01-05 21:29:42,147  DEBUG  [PlayController] SERV: OTHERSPOSITION#Player16,139,210,true#Player18,151,298,true# 
2015-01-05 21:29:42,173  DEBUG  [PlayController] SERV: OTHERSPOSITION#Player16,138,210,true#Player18,150,298,true# 
2015-01-05 21:29:42,180  DEBUG  [PlayController] SERV: OTHERSPOSITION#Player16,138,210,true#Player18,150,298,true# 
2015-01-05 21:29:42,206  DEBUG  [PlayController] SERV: OTHERSPOSITION#Player16,136,210,true#Player18,149,297,true# 
2015-01-05 21:29:42,213  DEBUG  [PlayController] SERV: OTHERSPOSITION#Player16,136,210,true#Player18,149,297,true# 
2015-01-05 21:29:42,239  DEBUG  [PlayController] SERV: OTHERSPOSITION#Player16,135,209,true#Player18,148,297,true# 
2015-01-05 21:29:42,246  DEBUG  [PlayController] SERV: OTHERSPOSITION#Player16,135,209,true#Player18,148,297,true# 
2015-01-05 21:29:42,272  DEBUG  [PlayController] SERV: OTHERSPOSITION#Player16,134,209,true#Player18,146,297,true# 
2015-01-05 21:29:42,279  DEBUG  [PlayController] SERV: OTHERSPOSITION#Player16,134,209,true#Player18,146,297,true# 
2015-01-05 21:29:42,305  DEBUG  [PlayController] SERV: OTHERSPOSITION#Player16,133,209,true#Player18,145,297,true# 
2015-01-05 21:29:42,312  DEBUG  [PlayController] SERV: OTHERSPOSITION#Player16,133,209,true#Player18,145,297,true# 
2015-01-05 21:29:42,338  DEBUG  [PlayController] SERV: OTHERSPOSITION#Player16,132,208,true#Player18,144,297,true# 
2015-01-05 21:29:42,345  DEBUG  [PlayController] SERV: OTHERSPOSITION#Player16,132,208,true#Player18,144,297,true# 
2015-01-05 21:29:42,371  DEBUG  [PlayController] SERV: OTHERSPOSITION#Player16,131,208,true#Player18,143,296,true# 
2015-01-05 21:29:42,378  DEBUG  [PlayController] SERV: OTHERSPOSITION#Player16,131,208,true#Player18,143,296,true# 
2015-01-05 21:29:42,404  DEBUG  [PlayController] SERV: OTHERSPOSITION#Player16,129,208,true#Player18,142,296,true# 
2015-01-05 21:29:42,411  DEBUG  [PlayController] SERV: OTHERSPOSITION#Player16,129,208,true#Player18,142,296,true# 
2015-01-05 21:29:42,437  DEBUG  [PlayController] SERV: OTHERSPOSITION#Player16,128,207,true#Player18,140,296,true# 
2015-01-05 21:29:42,444  DEBUG  [PlayController] SERV: OTHERSPOSITION#Player16,128,207,true#Player18,140,296,true# 
2015-01-05 21:29:42,470  DEBUG  [PlayController] SERV: OTHERSPOSITION#Player16,127,207,true#Player18,139,296,true# 
2015-01-05 21:29:42,477  DEBUG  [PlayController] SERV: OTHERSPOSITION#Player16,127,207,true#Player18,139,296,true# 
2015-01-05 21:29:42,503  DEBUG  [PlayController] SERV: OTHERSPOSITION#Player16,126,207,true#Player18,138,296,true# 
2015-01-05 21:29:42,510  DEBUG  [PlayController] SERV: OTHERSPOSITION#Player16,126,207,true#Player18,138,296,true# 
2015-01-05 21:29:42,536  DEBUG  [PlayController] SERV: OTHERSPOSITION#Player16,125,206,true#Player18,137,296,true# 
2015-01-05 21:29:42,543  DEBUG  [PlayController] SERV: OTHERSPOSITION#Player16,125,206,true#Player18,137,296,true# 
2015-01-05 21:29:42,569  DEBUG  [PlayController] SERV: OTHERSPOSITION#Player16,124,206,true#Player18,136,296,true# 
2015-01-05 21:29:42,576  DEBUG  [PlayController] SERV: OTHERSPOSITION#Player16,124,206,true#Player18,136,296,true# 
2015-01-05 21:29:42,602  DEBUG  [PlayController] SERV: OTHERSPOSITION#Player16,123,206,true#Player18,134,296,true# 
2015-01-05 21:29:42,609  DEBUG  [PlayController] SERV: OTHERSPOSITION#Player16,123,206,true#Player18,134,296,true# 
2015-01-05 21:29:42,635  DEBUG  [PlayController] SERV: OTHERSPOSITION#Player16,121,205,true#Player18,133,295,true# 
2015-01-05 21:29:42,642  DEBUG  [PlayController] SERV: OTHERSPOSITION#Player16,121,205,true#Player18,133,295,true# 
2015-01-05 21:29:42,668  DEBUG  [PlayController] SERV: OTHERSPOSITION#Player16,120,205,true#Player18,132,295,true# 
2015-01-05 21:29:42,675  DEBUG  [PlayController] SERV: OTHERSPOSITION#Player16,120,205,true#Player18,132,295,true# 
2015-01-05 21:29:42,701  DEBUG  [PlayController] SERV: OTHERSPOSITION#Player16,119,205,true#Player18,131,295,true# 
2015-01-05 21:29:42,708  DEBUG  [PlayController] SERV: OTHERSPOSITION#Player16,119,205,true#Player18,131,295,true# 
2015-01-05 21:29:42,734  DEBUG  [PlayController] SERV: OTHERSPOSITION#Player16,118,204,true#Player18,130,295,true# 
2015-01-05 21:29:42,741  DEBUG  [PlayController] SERV: OTHERSPOSITION#Player16,118,204,true#Player18,130,295,true# 
2015-01-05 21:29:42,767  DEBUG  [PlayController] SERV: OTHERSPOSITION#Player16,117,204,true#Player18,128,295,true# 
2015-01-05 21:29:42,774  DEBUG  [PlayController] SERV: OTHERSPOSITION#Player16,117,204,true#Player18,128,295,true# 
2015-01-05 21:29:42,800  DEBUG  [PlayController] SERV: OTHERSPOSITION#Player16,116,204,true#Player18,127,295,true# 
2015-01-05 21:29:42,807  DEBUG  [PlayController] SERV: OTHERSPOSITION#Player16,116,204,true#Player18,127,295,true# 
2015-01-05 21:29:42,833  DEBUG  [PlayController] SERV: OTHERSPOSITION#Player16,114,203,true#Player18,126,295,true# 
2015-01-05 21:29:42,840  DEBUG  [PlayController] SERV: OTHERSPOSITION#Player16,114,203,true#Player18,126,295,true# 
2015-01-05 21:29:42,866  DEBUG  [PlayController] SERV: OTHERSPOSITION#Player16,113,203,true#Player18,125,295,true# 
2015-01-05 21:29:42,873  DEBUG  [PlayController] SERV: OTHERSPOSITION#Player16,113,203,true#Player18,125,295,true# 
2015-01-05 21:29:42,899  DEBUG  [PlayController] SERV: OTHERSPOSITION#Player16,112,203,true#Player18,124,295,true# 
2015-01-05 21:29:42,906  DEBUG  [PlayController] SERV: OTHERSPOSITION#Player16,112,203,true#Player18,124,295,true# 
2015-01-05 21:29:42,932  DEBUG  [PlayController] SERV: OTHERSPOSITION#Player16,111,202,true#Player18,123,294,true# 
2015-01-05 21:29:42,939  DEBUG  [PlayController] SERV: OTHERSPOSITION#Player16,111,202,true#Player18,123,294,true# 
2015-01-05 21:29:42,965  DEBUG  [PlayController] SERV: OTHERSPOSITION#Player16,110,202,true#Player18,121,294,true# 
2015-01-05 21:29:42,973  DEBUG  [PlayController] SERV: OTHERSPOSITION#Player16,110,202,true#Player18,121,294,true# 
2015-01-05 21:29:42,998  DEBUG  [PlayController] SERV: OTHERSPOSITION#Player16,109,202,true#Player18,120,294,true# 
2015-01-05 21:29:43,006  DEBUG  [PlayController] SERV: OTHERSPOSITION#Player16,109,202,true#Player18,120,294,true# 
2015-01-05 21:29:43,031  DEBUG  [PlayController] SERV: OTHERSPOSITION#Player16,108,201,true#Player18,119,294,true# 
2015-01-05 21:29:43,039  DEBUG  [PlayController] SERV: OTHERSPOSITION#Player16,108,201,true#Player18,119,294,true# 
2015-01-05 21:29:43,064  DEBUG  [PlayController] SERV: OTHERSPOSITION#Player16,106,201,false#Player18,118,294,true# 
2015-01-05 21:29:43,072  DEBUG  [PlayController] SERV: OTHERSPOSITION#Player16,106,201,false#Player18,118,294,true# 
2015-01-05 21:29:43,097  DEBUG  [PlayController] SERV: OTHERSPOSITION#Player16,105,201,false#Player18,117,294,true# 
2015-01-05 21:29:43,105  DEBUG  [PlayController] SERV: OTHERSPOSITION#Player16,105,201,false#Player18,117,294,true# 
2015-01-05 21:29:43,130  DEBUG  [PlayController] SERV: OTHERSPOSITION#Player16,104,200,false#Player18,115,294,true# 
2015-01-05 21:29:43,138  DEBUG  [PlayController] SERV: OTHERSPOSITION#Player16,104,200,false#Player18,115,294,true# 
2015-01-05 21:29:43,164  DEBUG  [PlayController] SERV: OTHERSPOSITION#Player16,103,200,false#Player18,114,294,true# 
2015-01-05 21:29:43,172  DEBUG  [PlayController] SERV: OTHERSPOSITION#Player16,103,200,false#Player18,114,294,true# 
2015-01-05 21:29:43,198  DEBUG  [PlayController] SERV: OTHERSPOSITION#Player16,102,200,false#Player18,113,293,true# 
2015-01-05 21:29:43,205  DEBUG  [PlayController] SERV: OTHERSPOSITION#Player16,102,200,false#Player18,113,293,true# 
2015-01-05 21:29:43,231  DEBUG  [PlayController] SERV: OTHERSPOSITION#Player16,101,199,false#Player18,112,293,true# 
2015-01-05 21:29:43,238  DEBUG  [PlayController] SERV: OTHERSPOSITION#Player16,101,199,false#Player18,112,293,true# 
2015-01-05 21:29:43,264  DEBUG  [PlayController] SERV: OTHERSPOSITION#Player16,100,199,false#Player18,111,293,true# 
2015-01-05 21:29:43,271  DEBUG  [PlayController] SERV: OTHERSPOSITION#Player16,100,199,false#Player18,111,293,true# 
2015-01-05 21:29:43,297  DEBUG  [PlayController] SERV: OTHERSPOSITION#Player16,98,199,false#Player18,109,293,true# 
2015-01-05 21:29:43,304  DEBUG  [PlayController] SERV: OTHERSPOSITION#Player16,98,199,false#Player18,109,293,true# 
2015-01-05 21:29:43,330  DEBUG  [PlayController] SERV: OTHERSPOSITION#Player16,97,198,false#Player18,108,293,true# 
2015-01-05 21:29:43,337  DEBUG  [PlayController] SERV: OTHERSPOSITION#Player16,97,198,false#Player18,108,293,true# 
2015-01-05 21:29:43,363  DEBUG  [PlayController] SERV: OTHERSPOSITION#Player16,96,198,false#Player18,107,293,true# 
2015-01-05 21:29:43,370  DEBUG  [PlayController] SERV: OTHERSPOSITION#Player16,96,198,false#Player18,107,293,true# 
2015-01-05 21:29:43,396  DEBUG  [PlayController] SERV: OTHERSPOSITION#Player16,95,198,false#Player18,106,294,true# 
2015-01-05 21:29:43,403  DEBUG  [PlayController] SERV: OTHERSPOSITION#Player16,95,198,false#Player18,106,294,true# 
2015-01-05 21:29:43,429  DEBUG  [PlayController] SERV: OTHERSPOSITION#Player16,94,197,false#Player18,105,294,true# 
2015-01-05 21:29:43,436  DEBUG  [PlayController] SERV: OTHERSPOSITION#Player16,94,197,false#Player18,105,294,true# 
2015-01-05 21:29:43,462  DEBUG  [PlayController] SERV: OTHERSPOSITION#Player16,93,197,false#Player18,103,294,true# 
2015-01-05 21:29:43,469  DEBUG  [PlayController] SERV: OTHERSPOSITION#Player16,93,197,false#Player18,103,294,true# 
2015-01-05 21:29:43,495  DEBUG  [PlayController] SERV: OTHERSPOSITION#Player16,91,197,false#Player18,102,295,false# 
2015-01-05 21:29:43,502  DEBUG  [PlayController] SERV: OTHERSPOSITION#Player16,91,197,false#Player18,102,295,false# 
2015-01-05 21:29:43,528  DEBUG  [PlayController] SERV: OTHERSPOSITION#Player16,90,196,false#Player18,101,295,false# 
2015-01-05 21:29:43,536  DEBUG  [PlayController] SERV: OTHERSPOSITION#Player16,90,196,false#Player18,101,295,false# 
2015-01-05 21:29:43,561  DEBUG  [PlayController] SERV: OTHERSPOSITION#Player16,89,196,false#Player18,100,295,false# 
2015-01-05 21:29:43,570  DEBUG  [PlayController] SERV: OTHERSPOSITION#Player16,89,196,false#Player18,100,295,false# 
2015-01-05 21:29:43,594  DEBUG  [PlayController] SERV: OTHERSPOSITION#Player16,88,196,false#Player18,99,296,false# 
2015-01-05 21:29:43,603  DEBUG  [PlayController] SERV: OTHERSPOSITION#Player16,88,196,false#Player18,99,296,false# 
2015-01-05 21:29:43,627  DEBUG  [PlayController] SERV: OTHERSPOSITION#Player16,87,195,false#Player18,98,296,false# 
2015-01-05 21:29:43,636  DEBUG  [PlayController] SERV: OTHERSPOSITION#Player16,87,195,false#Player18,98,296,false# 
2015-01-05 21:29:43,660  DEBUG  [PlayController] SERV: OTHERSPOSITION#Player16,86,195,false#Player18,97,297,false# 
2015-01-05 21:29:43,669  DEBUG  [PlayController] SERV: OTHERSPOSITION#Player16,86,195,false#Player18,97,297,false# 
2015-01-05 21:29:43,693  DEBUG  [PlayController] SERV: OTHERSPOSITION#Player16,85,195,false#Player18,96,298,false# 
2015-01-05 21:29:43,702  DEBUG  [PlayController] SERV: OTHERSPOSITION#Player16,85,195,false#Player18,96,298,false# 
2015-01-05 21:29:43,726  DEBUG  [PlayController] SERV: OTHERSPOSITION#Player16,83,194,false#Player18,95,298,false# 
2015-01-05 21:29:43,735  DEBUG  [PlayController] SERV: OTHERSPOSITION#Player16,83,194,false#Player18,95,298,false# 
2015-01-05 21:29:43,759  DEBUG  [PlayController] SERV: OTHERSPOSITION#Player16,82,194,false#Player18,94,299,false# 
2015-01-05 21:29:43,768  DEBUG  [PlayController] SERV: OTHERSPOSITION#Player16,82,194,false#Player18,94,299,false# 
2015-01-05 21:29:43,792  DEBUG  [PlayController] SERV: OTHERSPOSITION#Player16,81,193,false#Player18,93,300,false# 
2015-01-05 21:29:43,801  DEBUG  [PlayController] SERV: OTHERSPOSITION#Player16,81,193,false#Player18,93,300,false# 
2015-01-05 21:29:43,825  DEBUG  [PlayController] SERV: OTHERSPOSITION#Player16,80,193,false#Player18,92,301,false# 
2015-01-05 21:29:43,834  DEBUG  [PlayController] SERV: OTHERSPOSITION#Player16,80,193,false#Player18,92,301,false# 
2015-01-05 21:29:43,859  DEBUG  [PlayController] SERV: OTHERSPOSITION#Player16,79,193,false#Player18,91,301,false# 
2015-01-05 21:29:43,867  DEBUG  [PlayController] SERV: OTHERSPOSITION#Player16,79,193,false#Player18,91,301,false# 
2015-01-05 21:29:43,892  DEBUG  [PlayController] SERV: OTHERSPOSITION#Player16,78,192,false#Player18,90,302,false# 
2015-01-05 21:29:43,900  DEBUG  [PlayController] SERV: OTHERSPOSITION#Player16,78,192,false#Player18,90,302,false# 
2015-01-05 21:29:43,925  DEBUG  [PlayController] SERV: OTHERSPOSITION#Player16,76,192,true#Player18,89,303,false# 
2015-01-05 21:29:43,933  DEBUG  [PlayController] SERV: OTHERSPOSITION#Player16,76,192,true#Player18,89,303,false# 
2015-01-05 21:29:43,958  DEBUG  [PlayController] SERV: OTHERSPOSITION#Player16,75,192,true#Player18,88,304,false# 
2015-01-05 21:29:43,966  DEBUG  [PlayController] SERV: OTHERSPOSITION#Player16,75,192,true#Player18,88,304,false# 
2015-01-05 21:29:43,991  DEBUG  [PlayController] SERV: OTHERSPOSITION#Player16,74,191,true#Player18,88,305,false# 
2015-01-05 21:29:43,999  DEBUG  [PlayController] SERV: OTHERSPOSITION#Player16,74,191,true#Player18,88,305,false# 
2015-01-05 21:29:44,024  DEBUG  [PlayController] SERV: OTHERSPOSITION#Player16,73,191,true#Player18,87,306,false# 
2015-01-05 21:29:44,032  DEBUG  [PlayController] SERV: OTHERSPOSITION#Player16,73,191,true#Player18,87,306,false# 
2015-01-05 21:29:44,057  DEBUG  [PlayController] SERV: OTHERSPOSITION#Player16,72,191,true#Player18,86,307,false# 
2015-01-05 21:29:44,065  DEBUG  [PlayController] SERV: OTHERSPOSITION#Player16,72,191,true#Player18,86,307,false# 
2015-01-05 21:29:44,090  DEBUG  [PlayController] SERV: OTHERSPOSITION#Player16,71,190,true#Player18,85,308,false# 
2015-01-05 21:29:44,098  DEBUG  [PlayController] SERV: OTHERSPOSITION#Player16,71,190,true#Player18,85,308,false# 
2015-01-05 21:29:44,123  DEBUG  [PlayController] SERV: OTHERSPOSITION#Player16,70,190,true#Player18,85,309,false# 
2015-01-05 21:29:44,131  DEBUG  [PlayController] SERV: OTHERSPOSITION#Player16,70,190,true#Player18,85,309,false# 
2015-01-05 21:29:44,156  DEBUG  [PlayController] SERV: OTHERSPOSITION#Player16,68,190,true#Player18,84,310,false# 
2015-01-05 21:29:44,164  DEBUG  [PlayController] SERV: OTHERSPOSITION#Player16,68,190,true#Player18,84,310,false# 
2015-01-05 21:29:44,189  DEBUG  [PlayController] SERV: OTHERSPOSITION#Player16,67,189,true#Player18,84,311,false# 
2015-01-05 21:29:44,197  DEBUG  [PlayController] SERV: OTHERSPOSITION#Player16,67,189,true#Player18,84,311,false# 
2015-01-05 21:29:44,222  DEBUG  [PlayController] SERV: OTHERSPOSITION#Player16,66,189,true#Player18,83,312,true# 
2015-01-05 21:29:44,230  DEBUG  [PlayController] SERV: OTHERSPOSITION#Player16,66,189,true#Player18,83,312,true# 
2015-01-05 21:29:44,255  DEBUG  [PlayController] SERV: OTHERSPOSITION#Player16,65,189,true#Player18,83,313,true# 
2015-01-05 21:29:44,263  DEBUG  [PlayController] SERV: OTHERSPOSITION#Player16,65,189,true#Player18,83,313,true# 
2015-01-05 21:29:44,288  DEBUG  [PlayController] SERV: OTHERSPOSITION#Player16,64,188,true#Player18,83,314,true# 
2015-01-05 21:29:44,296  DEBUG  [PlayController] SERV: OTHERSPOSITION#Player16,64,188,true#Player18,83,314,true# 
2015-01-05 21:29:44,321  DEBUG  [PlayController] SERV: OTHERSPOSITION#Player16,63,188,true#Player18,82,315,true# 
2015-01-05 21:29:44,329  DEBUG  [PlayController] SERV: OTHERSPOSITION#Player16,63,188,true#Player18,82,315,true# 
2015-01-05 21:29:44,354  DEBUG  [PlayController] SERV: OTHERSPOSITION#Player16,61,188,true#Player18,82,317,true# 
2015-01-05 21:29:44,362  DEBUG  [PlayController] SERV: OTHERSPOSITION#Player16,61,188,true#Player18,82,317,true# 
2015-01-05 21:29:44,387  DEBUG  [PlayController] SERV: OTHERSPOSITION#Player16,60,187,true#Player18,82,318,true# 
2015-01-05 21:29:44,395  DEBUG  [PlayController] SERV: OTHERSPOSITION#Player16,60,187,true#Player18,82,318,true# 
2015-01-05 21:29:44,420  DEBUG  [PlayController] SERV: OTHERSPOSITION#Player16,59,187,true#Player18,82,319,true# 
2015-01-05 21:29:44,428  DEBUG  [PlayController] SERV: OTHERSPOSITION#Player16,59,187,true#Player18,82,319,true# 
2015-01-05 21:29:44,453  DEBUG  [PlayController] SERV: OTHERSPOSITION#Player16,58,187,true#Player18,82,320,true# 
2015-01-05 21:29:44,461  DEBUG  [PlayController] SERV: OTHERSPOSITION#Player16,58,187,true#Player18,82,320,true# 
2015-01-05 21:29:44,486  DEBUG  [PlayController] SERV: OTHERSPOSITION#Player16,57,186,true#Player18,82,321,true# 
2015-01-05 21:29:44,494  DEBUG  [PlayController] SERV: OTHERSPOSITION#Player16,57,186,true#Player18,82,321,true# 
2015-01-05 21:29:44,519  DEBUG  [PlayController] SERV: OTHERSPOSITION#Player16,56,186,true#Player18,82,322,true# 
2015-01-05 21:29:44,527  DEBUG  [PlayController] SERV: OTHERSPOSITION#Player16,56,186,true#Player18,82,322,true# 
2015-01-05 21:29:44,552  DEBUG  [PlayController] SERV: OTHERSPOSITION#Player16,55,186,true#Player18,82,324,true# 
2015-01-05 21:29:44,560  DEBUG  [PlayController] SERV: OTHERSPOSITION#Player16,55,186,true#Player18,82,324,true# 
2015-01-05 21:29:44,585  DEBUG  [PlayController] SERV: OTHERSPOSITION#Player16,53,185,true#Player18,83,325,true# 
2015-01-05 21:29:44,593  DEBUG  [PlayController] SERV: OTHERSPOSITION#Player16,53,185,true#Player18,83,325,true# 
2015-01-05 21:29:44,618  DEBUG  [PlayController] SERV: OTHERSPOSITION#Player16,52,185,true#Player18,83,326,true# 
2015-01-05 21:29:44,626  DEBUG  [PlayController] SERV: OTHERSPOSITION#Player16,52,185,true#Player18,83,326,true# 
2015-01-05 21:29:44,651  DEBUG  [PlayController] SERV: OTHERSPOSITION#Player16,51,185,true#Player18,83,327,true# 
2015-01-05 21:29:44,660  DEBUG  [PlayController] SERV: OTHERSPOSITION#Player16,51,185,true#Player18,83,327,true# 
2015-01-05 21:29:44,685  DEBUG  [PlayController] SERV: OTHERSPOSITION#Player16,50,184,true#Player18,84,328,true# 
2015-01-05 21:29:44,693  DEBUG  [PlayController] SERV: OTHERSPOSITION#Player16,50,184,true#Player18,84,328,true# 
2015-01-05 21:29:44,718  DEBUG  [PlayController] SERV: OTHERSPOSITION#Player16,49,184,true#Player18,84,329,true# 
2015-01-05 21:29:44,726  DEBUG  [PlayController] SERV: OTHERSPOSITION#Player16,49,184,true#Player18,84,329,true# 
2015-01-05 21:29:44,751  DEBUG  [PlayController] SERV: OTHERSPOSITION#Player16,48,184,true#Player18,84,331,true# 
2015-01-05 21:29:44,759  DEBUG  [PlayController] SERV: OTHERSPOSITION#Player16,48,184,true#Player18,84,331,true# 
2015-01-05 21:29:44,784  DEBUG  [PlayController] SERV: OTHERSPOSITION#Player16,47,183,true#Player18,85,332,true# 
2015-01-05 21:29:44,792  DEBUG  [PlayController] SERV: OTHERSPOSITION#Player16,47,183,true#Player18,85,332,true# 
2015-01-05 21:29:44,817  DEBUG  [PlayController] SERV: OTHERSPOSITION#Player16,45,183,true#Player18,86,333,true# 
2015-01-05 21:29:44,825  DEBUG  [PlayController] SERV: OTHERSPOSITION#Player16,45,183,true#Player18,86,333,true# 
2015-01-05 21:29:44,850  DEBUG  [PlayController] SERV: OTHERSPOSITION#Player16,44,183,true#Player18,86,334,true# 
2015-01-05 21:29:44,858  DEBUG  [PlayController] SERV: OTHERSPOSITION#Player16,44,183,true#Player18,86,334,true# 
2015-01-05 21:29:44,883  DEBUG  [PlayController] SERV: OTHERSPOSITION#Player16,43,182,true#Player18,87,335,true# 
2015-01-05 21:29:44,892  DEBUG  [PlayController] SERV: OTHERSPOSITION#Player16,43,182,true#Player18,87,335,true# 
2015-01-05 21:29:44,916  DEBUG  [PlayController] SERV: OTHERSPOSITION#Player16,42,182,true#Player18,88,336,true# 
2015-01-05 21:29:44,925  DEBUG  [PlayController] SERV: OTHERSPOSITION#Player16,42,182,true#Player18,88,336,true# 
2015-01-05 21:29:44,949  DEBUG  [PlayController] SERV: OTHERSPOSITION#Player16,41,182,true#Player18,89,336,true# 
2015-01-05 21:29:44,958  DEBUG  [PlayController] SERV: OTHERSPOSITION#Player16,41,182,true#Player18,89,336,true# 
2015-01-05 21:29:44,982  DEBUG  [PlayController] SERV: OTHERSPOSITION#Player16,40,181,true#Player18,89,337,true# 
2015-01-05 21:29:44,991  DEBUG  [PlayController] SERV: OTHERSPOSITION#Player16,40,181,true#Player18,89,337,true# 
2015-01-05 21:29:45,015  DEBUG  [PlayController] SERV: OTHERSPOSITION#Player16,38,181,true#Player18,90,338,true# 
2015-01-05 21:29:45,024  DEBUG  [PlayController] SERV: OTHERSPOSITION#Player16,38,181,true#Player18,90,338,true# 
2015-01-05 21:29:45,048  DEBUG  [PlayController] SERV: OTHERSPOSITION#Player16,37,181,true#Player18,91,339,true# 
2015-01-05 21:29:45,057  DEBUG  [PlayController] SERV: OTHERSPOSITION#Player16,37,181,true#Player18,91,339,true# 
2015-01-05 21:29:45,081  DEBUG  [PlayController] SERV: OTHERSPOSITION#Player16,36,180,true#Player18,92,340,true# 
2015-01-05 21:29:45,090  DEBUG  [PlayController] SERV: OTHERSPOSITION#Player16,36,180,true#Player18,92,340,true# 
2015-01-05 21:29:45,114  DEBUG  [PlayController] SERV: OTHERSPOSITION#Player16,35,180,true#Player18,93,340,true# 
2015-01-05 21:29:45,123  DEBUG  [PlayController] SERV: OTHERSPOSITION#Player16,35,180,true#Player18,93,340,true# 
2015-01-05 21:29:45,147  DEBUG  [PlayController] SERV: OTHERSPOSITION#Player16,34,180,true#Player18,94,341,true# 
2015-01-05 21:29:45,156  DEBUG  [PlayController] SERV: OTHERSPOSITION#Player16,34,180,true#Player18,94,341,true# 
2015-01-05 21:29:45,180  DEBUG  [PlayController] SERV: OTHERSPOSITION#Player16,33,179,true#Player18,95,341,true# 
2015-01-05 21:29:45,189  DEBUG  [PlayController] SERV: OTHERSPOSITION#Player16,33,179,true#Player18,95,341,true# 
2015-01-05 21:29:45,213  DEBUG  [PlayController] SERV: OTHERSPOSITION#Player16,32,179,true#Player18,96,342,true# 
2015-01-05 21:29:45,222  DEBUG  [PlayController] SERV: OTHERSPOSITION#Player16,32,179,true#Player18,96,342,true# 
2015-01-05 21:29:45,246  DEBUG  [PlayController] SERV: OTHERSPOSITION#Player16,30,179,true#Player18,97,342,true# 
2015-01-05 21:29:45,255  DEBUG  [PlayController] SERV: OTHERSPOSITION#Player16,30,179,true#Player18,97,342,true# 
2015-01-05 21:29:45,279  DEBUG  [PlayController] SERV: OTHERSPOSITION#Player16,29,178,true#Player18,99,343,true# 
2015-01-05 21:29:45,288  DEBUG  [PlayController] SERV: OTHERSPOSITION#Player16,29,178,true#Player18,99,343,true# 
2015-01-05 21:29:45,312  DEBUG  [PlayController] SERV: OTHERSPOSITION#Player16,28,178,true#Player18,100,343,true# 
2015-01-05 21:29:45,321  DEBUG  [PlayController] SERV: OTHERSPOSITION#Player16,28,178,true#Player18,100,343,true# 
2015-01-05 21:29:45,345  DEBUG  [PlayController] SERV: OTHERSPOSITION#Player16,27,178,true#Player18,101,343,true# 
2015-01-05 21:29:45,354  DEBUG  [PlayController] SERV: OTHERSPOSITION#Player16,27,178,true#Player18,101,343,true# 
2015-01-05 21:29:45,378  DEBUG  [PlayController] SERV: OTHERSPOSITION#Player16,26,177,true#Player18,102,344,true# 
2015-01-05 21:29:45,387  DEBUG  [PlayController] SERV: OTHERSPOSITION#Player16,26,177,true#Player18,102,344,true# 
2015-01-05 21:29:45,411  DEBUG  [PlayController] SERV: OTHERSPOSITION#Player16,25,177,true#Player18,103,344,true# 
2015-01-05 21:29:45,420  DEBUG  [PlayController] SERV: OTHERSPOSITION#Player16,25,177,true#Player18,103,344,true# 
2015-01-05 21:29:45,444  DEBUG  [PlayController] SERV: OTHERSPOSITION#Player16,23,177,true#Player18,104,344,true# 
2015-01-05 21:29:45,453  DEBUG  [PlayController] SERV: OTHERSPOSITION#Player16,23,177,true#Player18,104,344,true# 
2015-01-05 21:29:45,477  DEBUG  [PlayController] SERV: OTHERSPOSITION#Player16,22,176,true#Player18,106,344,true# 
2015-01-05 21:29:45,486  DEBUG  [PlayController] SERV: OTHERSPOSITION#Player16,22,176,true#Player18,106,344,true# 
2015-01-05 21:29:45,510  DEBUG  [PlayController] SERV: OTHERSPOSITION#Player16,21,176,true#Player18,107,344,true# 
2015-01-05 21:29:45,519  DEBUG  [PlayController] SERV: OTHERSPOSITION#Player16,21,176,true#Player18,107,344,true# 
2015-01-05 21:29:45,543  DEBUG  [PlayController] SERV: OTHERSPOSITION#Player16,20,176,true#Player18,108,344,true# 
2015-01-05 21:29:45,552  DEBUG  [PlayController] SERV: OTHERSPOSITION#Player16,20,176,true#Player18,108,344,true# 
2015-01-05 21:29:45,576  DEBUG  [PlayController] SERV: OTHERSPOSITION#Player16,19,175,true#Player18,109,344,true# 
2015-01-05 21:29:45,585  DEBUG  [PlayController] SERV: OTHERSPOSITION#Player16,19,175,true#Player18,109,344,true# 
2015-01-05 21:29:45,609  DEBUG  [PlayController] SERV: OTHERSPOSITION#Player16,18,175,true#Player18,110,344,true# 
2015-01-05 21:29:45,618  DEBUG  [PlayController] SERV: OTHERSPOSITION#Player16,18,175,true#Player18,110,344,true# 
2015-01-05 21:29:45,642  DEBUG  [PlayController] SERV: OTHERSPOSITION#Player16,17,175,true#Player18,112,343,true# 
2015-01-05 21:29:45,651  DEBUG  [PlayController] SERV: OTHERSPOSITION#Player16,17,175,true#Player18,112,343,true# 
2015-01-05 21:29:45,675  DEBUG  [PlayController] SERV: OTHERSPOSITION#Player16,15,174,true#Player18,113,343,true# 
2015-01-05 21:29:45,684  DEBUG  [PlayController] SERV: OTHERSPOSITION#Player16,15,174,true#Player18,113,343,true# 
2015-01-05 21:29:45,708  DEBUG  [PlayController] SERV: OTHERSPOSITION#Player16,14,174,true#Player18,114,343,true# 
2015-01-05 21:29:45,717  DEBUG  [PlayController] SERV: OTHERSPOSITION#Player16,14,174,true#Player18,114,343,true# 
2015-01-05 21:29:45,741  DEBUG  [PlayController] SERV: OTHERSPOSITION#Player16,13,174,true#Player18,115,342,true# 
2015-01-05 21:29:45,750  DEBUG  [PlayController] SERV: OTHERSPOSITION#Player16,13,174,true#Player18,115,342,true# 
2015-01-05 21:29:45,774  DEBUG  [PlayController] SERV: OTHERSPOSITION#Player16,12,173,true#Player18,116,342,true# 
2015-01-05 21:29:45,783  DEBUG  [PlayController] SERV: OTHERSPOSITION#Player16,12,173,true#Player18,116,342,true# 
2015-01-05 21:29:45,818  DEBUG  [PlayController] SERV: COL#Player16 
2015-01-05 21:29:45,818  DEBUG  [PlayController] SERV: COL#Player16 
2015-01-05 21:29:45,840  DEBUG  [PlayController] SERV: MYRESET#231#238#176 
2015-01-05 21:29:45,850  DEBUG  [PlayController] SERV: MYRESET#192#285#209 
2015-01-05 21:29:45,873  DEBUG  [PlayController] SERV: RESPONSE_OTHERS_RESET#Player16#192.0#285.0#209.0 
2015-01-05 21:29:45,883  DEBUG  [PlayController] SERV: RESPONSE_OTHERS_RESET#Player16#192.0#285.0#209.0 
2015-01-05 21:29:45,906  DEBUG  [PlayController] SERV: RESPONSE_OTHERS_RESET#Player18#231.0#238.0#176.0 
2015-01-05 21:29:45,916  DEBUG  [PlayController] SERV: RESPONSE_OTHERS_RESET#Player18#231.0#238.0#176.0 
2015-01-05 21:29:46,562  DEBUG  [PlayController] SERV: GAMESTARTED 
2015-01-05 21:29:46,562  DEBUG  [PlayController] SERV: GAMESTARTED 
2015-01-05 21:29:46,567  DEBUG  [PlayController] SERV: OTHERSPOSITION#Player16,191,286,true#Player18,232,238,true# 
2015-01-05 21:29:46,567  DEBUG  [PlayController] SERV: OTHERSPOSITION#Player16,191,286,true#Player18,232,238,true# 
2015-01-05 21:29:46,601  DEBUG  [PlayController] SERV: OTHERSPOSITION#Player16,191,287,true#Player18,233,238,true# 
2015-01-05 21:29:46,601  DEBUG  [PlayController] SERV: OTHERSPOSITION#Player16,191,287,true#Player18,233,238,true# 
2015-01-05 21:29:46,634  DEBUG  [PlayController] SERV: OTHERSPOSITION#Player16,191,288,true#Player18,234,238,true# 
2015-01-05 21:29:46,634  DEBUG  [PlayController] SERV: OTHERSPOSITION#Player16,191,288,true#Player18,234,238,true# 
2015-01-05 21:29:46,668  DEBUG  [PlayController] SERV: OTHERSPOSITION#Player16,191,289,true#Player18,235,238,true# 
2015-01-05 21:29:46,668  DEBUG  [PlayController] SERV: OTHERSPOSITION#Player16,191,289,true#Player18,235,238,true# 
2015-01-05 21:29:46,702  DEBUG  [PlayController] SERV: OTHERSPOSITION#Player16,191,290,true#Player18,236,238,true# 
2015-01-05 21:29:46,702  DEBUG  [PlayController] SERV: OTHERSPOSITION#Player16,191,290,true#Player18,236,238,true# 
2015-01-05 21:29:46,734  DEBUG  [PlayController] SERV: OTHERSPOSITION#Player16,191,292,true#Player18,238,238,true# 
2015-01-05 21:29:46,734  DEBUG  [PlayController] SERV: OTHERSPOSITION#Player16,191,292,true#Player18,238,238,true# 
2015-01-05 21:29:46,767  DEBUG  [PlayController] SERV: OTHERSPOSITION#Player16,191,293,true#Player18,239,238,true# 
2015-01-05 21:29:46,767  DEBUG  [PlayController] SERV: OTHERSPOSITION#Player16,191,293,true#Player18,239,238,true# 
2015-01-05 21:29:46,800  DEBUG  [PlayController] SERV: OTHERSPOSITION#Player16,191,294,true#Player18,240,238,true# 
2015-01-05 21:29:46,800  DEBUG  [PlayController] SERV: OTHERSPOSITION#Player16,191,294,true#Player18,240,238,true# 
2015-01-05 21:29:46,834  DEBUG  [PlayController] SERV: OTHERSPOSITION#Player16,191,295,true#Player18,241,238,true# 
2015-01-05 21:29:46,834  DEBUG  [PlayController] SERV: OTHERSPOSITION#Player16,191,295,true#Player18,241,238,true# 
2015-01-05 21:29:46,867  DEBUG  [PlayController] SERV: OTHERSPOSITION#Player16,190,296,true#Player18,242,238,true# 
2015-01-05 21:29:46,867  DEBUG  [PlayController] SERV: OTHERSPOSITION#Player16,190,296,true#Player18,242,238,true# 
2015-01-05 21:29:46,901  DEBUG  [PlayController] SERV: OTHERSPOSITION#Player16,190,298,true#Player18,244,238,true# 
2015-01-05 21:29:46,901  DEBUG  [PlayController] SERV: OTHERSPOSITION#Player16,190,298,true#Player18,244,238,true# 
2015-01-05 21:29:46,934  DEBUG  [PlayController] SERV: OTHERSPOSITION#Player16,190,299,true#Player18,245,239,true# 
2015-01-05 21:29:46,934  DEBUG  [PlayController] SERV: OTHERSPOSITION#Player16,190,299,true#Player18,245,239,true# 
2015-01-05 21:29:46,967  DEBUG  [PlayController] SERV: OTHERSPOSITION#Player16,190,300,true#Player18,246,239,true# 
2015-01-05 21:29:46,967  DEBUG  [PlayController] SERV: OTHERSPOSITION#Player16,190,300,true#Player18,246,239,true# 
2015-01-05 21:29:47,000  DEBUG  [PlayController] SERV: OTHERSPOSITION#Player16,190,301,true#Player18,247,239,true# 
2015-01-05 21:29:47,000  DEBUG  [PlayController] SERV: OTHERSPOSITION#Player16,190,301,true#Player18,247,239,true# 
2015-01-05 21:29:47,033  DEBUG  [PlayController] SERV: OTHERSPOSITION#Player16,190,302,true#Player18,248,239,true# 
2015-01-05 21:29:47,033  DEBUG  [PlayController] SERV: OTHERSPOSITION#Player16,190,302,true#Player18,248,239,true# 
2015-01-05 21:29:47,066  DEBUG  [PlayController] SERV: OTHERSPOSITION#Player16,190,304,true#Player18,250,239,true# 
2015-01-05 21:29:47,066  DEBUG  [PlayController] SERV: OTHERSPOSITION#Player16,190,304,true#Player18,250,239,true# 
2015-01-05 21:29:47,099  DEBUG  [PlayController] SERV: OTHERSPOSITION#Player16,190,305,true#Player18,251,239,true# 
2015-01-05 21:29:47,099  DEBUG  [PlayController] SERV: OTHERSPOSITION#Player16,190,305,true#Player18,251,239,true# 
2015-01-05 21:29:47,132  DEBUG  [PlayController] SERV: OTHERSPOSITION#Player16,190,306,true#Player18,252,239,true# 
2015-01-05 21:29:47,134  DEBUG  [PlayController] SERV: OTHERSPOSITION#Player16,190,306,true#Player18,252,239,true# 
2015-01-05 21:29:47,166  DEBUG  [PlayController] SERV: OTHERSPOSITION#Player16,190,307,true#Player18,253,239,true# 
2015-01-05 21:29:47,166  DEBUG  [PlayController] SERV: OTHERSPOSITION#Player16,190,307,true#Player18,253,239,true# 
2015-01-05 21:29:47,199  DEBUG  [PlayController] SERV: OTHERSPOSITION#Player16,189,308,true#Player18,254,240,true# 
2015-01-05 21:29:47,199  DEBUG  [PlayController] SERV: OTHERSPOSITION#Player16,189,308,true#Player18,254,240,true# 
2015-01-05 21:29:47,233  DEBUG  [PlayController] SERV: OTHERSPOSITION#Player16,189,310,true#Player18,255,240,true# 
2015-01-05 21:29:47,233  DEBUG  [PlayController] SERV: OTHERSPOSITION#Player16,189,310,true#Player18,255,240,true# 
2015-01-05 21:29:47,266  DEBUG  [PlayController] SERV: OTHERSPOSITION#Player16,189,311,true#Player18,257,241,true# 
2015-01-05 21:29:47,266  DEBUG  [PlayController] SERV: OTHERSPOSITION#Player16,189,311,true#Player18,257,241,true# 
2015-01-05 21:29:47,299  DEBUG  [PlayController] SERV: OTHERSPOSITION#Player16,189,312,true#Player18,258,241,true# 
2015-01-05 21:29:47,299  DEBUG  [PlayController] SERV: OTHERSPOSITION#Player16,189,312,true#Player18,258,241,true# 
2015-01-05 21:29:47,332  DEBUG  [PlayController] SERV: OTHERSPOSITION#Player16,189,313,true#Player18,259,242,true# 
2015-01-05 21:29:47,332  DEBUG  [PlayController] SERV: OTHERSPOSITION#Player16,189,313,true#Player18,259,242,true# 
2015-01-05 21:29:47,365  DEBUG  [PlayController] SERV: OTHERSPOSITION#Player16,189,314,true#Player18,260,242,true# 
2015-01-05 21:29:47,365  DEBUG  [PlayController] SERV: OTHERSPOSITION#Player16,189,314,true#Player18,260,242,true# 
2015-01-05 21:29:47,398  DEBUG  [PlayController] SERV: OTHERSPOSITION#Player16,189,316,true#Player18,261,243,true# 
2015-01-05 21:29:47,398  DEBUG  [PlayController] SERV: OTHERSPOSITION#Player16,189,316,true#Player18,261,243,true# 
2015-01-05 21:29:47,431  DEBUG  [PlayController] SERV: OTHERSPOSITION#Player16,189,317,true#Player18,262,244,true# 
2015-01-05 21:29:47,431  DEBUG  [PlayController] SERV: OTHERSPOSITION#Player16,189,317,true#Player18,262,244,true# 
2015-01-05 21:29:47,465  DEBUG  [PlayController] SERV: OTHERSPOSITION#Player16,189,318,true#Player18,263,244,true# 
2015-01-05 21:29:47,465  DEBUG  [PlayController] SERV: OTHERSPOSITION#Player16,189,318,true#Player18,263,244,true# 
2015-01-05 21:29:47,498  DEBUG  [PlayController] SERV: OTHERSPOSITION#Player16,189,319,true#Player18,264,245,true# 
2015-01-05 21:29:47,498  DEBUG  [PlayController] SERV: OTHERSPOSITION#Player16,189,319,true#Player18,264,245,true# 
2015-01-05 21:29:47,531  DEBUG  [PlayController] SERV: OTHERSPOSITION#Player16,188,320,true#Player18,265,246,true# 
2015-01-05 21:29:47,531  DEBUG  [PlayController] SERV: OTHERSPOSITION#Player16,188,320,true#Player18,265,246,true# 
2015-01-05 21:29:47,564  DEBUG  [PlayController] SERV: OTHERSPOSITION#Player16,188,322,true#Player18,265,247,true# 
2015-01-05 21:29:47,564  DEBUG  [PlayController] SERV: OTHERSPOSITION#Player16,188,322,true#Player18,265,247,true# 
2015-01-05 21:29:47,597  DEBUG  [PlayController] SERV: OTHERSPOSITION#Player16,188,323,true#Player18,266,248,true# 
2015-01-05 21:29:47,597  DEBUG  [PlayController] SERV: OTHERSPOSITION#Player16,188,323,true#Player18,266,248,true# 
2015-01-05 21:29:47,630  DEBUG  [PlayController] SERV: OTHERSPOSITION#Player16,188,324,true#Player18,267,249,true# 
2015-01-05 21:29:47,630  DEBUG  [PlayController] SERV: OTHERSPOSITION#Player16,188,324,true#Player18,267,249,true# 
2015-01-05 21:29:47,663  DEBUG  [PlayController] SERV: OTHERSPOSITION#Player16,188,325,true#Player18,267,250,true# 
2015-01-05 21:29:47,663  DEBUG  [PlayController] SERV: OTHERSPOSITION#Player16,188,325,true#Player18,267,250,true# 
2015-01-05 21:29:47,696  DEBUG  [PlayController] SERV: OTHERSPOSITION#Player16,188,326,true#Player18,268,251,true# 
2015-01-05 21:29:47,696  DEBUG  [PlayController] SERV: OTHERSPOSITION#Player16,188,326,true#Player18,268,251,true# 
2015-01-05 21:29:47,730  DEBUG  [PlayController] SERV: OTHERSPOSITION#Player16,188,328,true#Player18,269,252,true# 
2015-01-05 21:29:47,730  DEBUG  [PlayController] SERV: OTHERSPOSITION#Player16,188,328,true#Player18,269,252,true# 
2015-01-05 21:29:47,763  DEBUG  [PlayController] SERV: OTHERSPOSITION#Player16,188,329,true#Player18,269,253,true# 
2015-01-05 21:29:47,763  DEBUG  [PlayController] SERV: OTHERSPOSITION#Player16,188,329,true#Player18,269,253,true# 
2015-01-05 21:29:47,796  DEBUG  [PlayController] SERV: OTHERSPOSITION#Player16,188,330,true#Player18,270,254,true# 
2015-01-05 21:29:47,796  DEBUG  [PlayController] SERV: OTHERSPOSITION#Player16,188,330,true#Player18,270,254,true# 
2015-01-05 21:29:47,829  DEBUG  [PlayController] SERV: OTHERSPOSITION#Player16,188,331,true#Player18,270,255,true# 
2015-01-05 21:29:47,829  DEBUG  [PlayController] SERV: OTHERSPOSITION#Player16,188,331,true#Player18,270,255,true# 
2015-01-05 21:29:47,862  DEBUG  [PlayController] SERV: OTHERSPOSITION#Player16,187,332,true#Player18,270,256,true# 
2015-01-05 21:29:47,862  DEBUG  [PlayController] SERV: OTHERSPOSITION#Player16,187,332,true#Player18,270,256,true# 
2015-01-05 21:29:47,895  DEBUG  [PlayController] SERV: OTHERSPOSITION#Player16,187,334,true#Player18,271,257,true# 
2015-01-05 21:29:47,895  DEBUG  [PlayController] SERV: OTHERSPOSITION#Player16,187,334,true#Player18,271,257,true# 
2015-01-05 21:29:47,928  DEBUG  [PlayController] SERV: OTHERSPOSITION#Player16,187,335,true#Player18,271,259,true# 
2015-01-05 21:29:47,928  DEBUG  [PlayController] SERV: OTHERSPOSITION#Player16,187,335,true#Player18,271,259,true# 
2015-01-05 21:29:47,961  DEBUG  [PlayController] SERV: OTHERSPOSITION#Player16,187,336,true#Player18,271,260,true# 
2015-01-05 21:29:47,961  DEBUG  [PlayController] SERV: OTHERSPOSITION#Player16,187,336,true#Player18,271,260,true# 
2015-01-05 21:29:47,994  DEBUG  [PlayController] SERV: OTHERSPOSITION#Player16,187,337,true#Player18,271,261,false# 
2015-01-05 21:29:47,994  DEBUG  [PlayController] SERV: OTHERSPOSITION#Player16,187,337,true#Player18,271,261,false# 
2015-01-05 21:29:48,027  DEBUG  [PlayController] SERV: OTHERSPOSITION#Player16,187,338,true#Player18,271,262,false# 
2015-01-05 21:29:48,027  DEBUG  [PlayController] SERV: OTHERSPOSITION#Player16,187,338,true#Player18,271,262,false# 
2015-01-05 21:29:48,060  DEBUG  [PlayController] SERV: OTHERSPOSITION#Player16,187,340,true#Player18,271,263,false# 
2015-01-05 21:29:48,060  DEBUG  [PlayController] SERV: OTHERSPOSITION#Player16,187,340,true#Player18,271,263,false# 
2015-01-05 21:29:48,094  DEBUG  [PlayController] SERV: OTHERSPOSITION#Player16,187,341,true#Player18,271,265,false# 
2015-01-05 21:29:48,094  DEBUG  [PlayController] SERV: OTHERSPOSITION#Player16,187,341,true#Player18,271,265,false# 
2015-01-05 21:29:48,127  DEBUG  [PlayController] SERV: OTHERSPOSITION#Player16,187,342,true#Player18,271,266,false# 
2015-01-05 21:29:48,127  DEBUG  [PlayController] SERV: OTHERSPOSITION#Player16,187,342,true#Player18,271,266,false# 
2015-01-05 21:29:48,160  DEBUG  [PlayController] SERV: OTHERSPOSITION#Player16,187,343,true#Player18,271,267,false# 
2015-01-05 21:29:48,160  DEBUG  [PlayController] SERV: OTHERSPOSITION#Player16,187,343,true#Player18,271,267,false# 
2015-01-05 21:29:48,193  DEBUG  [PlayController] SERV: OTHERSPOSITION#Player16,186,344,true#Player18,271,268,false# 
2015-01-05 21:29:48,193  DEBUG  [PlayController] SERV: OTHERSPOSITION#Player16,186,344,true#Player18,271,268,false# 
2015-01-05 21:29:48,226  DEBUG  [PlayController] SERV: OTHERSPOSITION#Player16,186,345,true#Player18,270,269,false# 
2015-01-05 21:29:48,226  DEBUG  [PlayController] SERV: OTHERSPOSITION#Player16,186,345,true#Player18,270,269,false# 
2015-01-05 21:29:48,259  DEBUG  [PlayController] SERV: OTHERSPOSITION#Player16,186,347,true#Player18,270,270,false# 
2015-01-05 21:29:48,259  DEBUG  [PlayController] SERV: OTHERSPOSITION#Player16,186,347,true#Player18,270,270,false# 
2015-01-05 21:29:48,292  DEBUG  [PlayController] SERV: OTHERSPOSITION#Player16,186,348,true#Player18,270,272,false# 
2015-01-05 21:29:48,292  DEBUG  [PlayController] SERV: OTHERSPOSITION#Player16,186,348,true#Player18,270,272,false# 
2015-01-05 21:29:48,326  DEBUG  [PlayController] SERV: OTHERSPOSITION#Player16,186,349,true#Player18,269,273,false# 
2015-01-05 21:29:48,326  DEBUG  [PlayController] SERV: OTHERSPOSITION#Player16,186,349,true#Player18,269,273,false# 
2015-01-05 21:29:48,359  DEBUG  [PlayController] SERV: OTHERSPOSITION#Player16,186,350,true#Player18,269,274,false# 
2015-01-05 21:29:48,359  DEBUG  [PlayController] SERV: OTHERSPOSITION#Player16,186,350,true#Player18,269,274,false# 
2015-01-05 21:29:48,392  DEBUG  [PlayController] SERV: OTHERSPOSITION#Player16,186,351,true#Player18,268,275,false# 
2015-01-05 21:29:48,392  DEBUG  [PlayController] SERV: OTHERSPOSITION#Player16,186,351,true#Player18,268,275,false# 
2015-01-05 21:29:48,425  DEBUG  [PlayController] SERV: OTHERSPOSITION#Player16,186,353,true#Player18,267,276,false# 
2015-01-05 21:29:48,425  DEBUG  [PlayController] SERV: OTHERSPOSITION#Player16,186,353,true#Player18,267,276,false# 
2015-01-05 21:29:48,458  DEBUG  [PlayController] SERV: OTHERSPOSITION#Player16,186,354,true#Player18,267,277,false# 
2015-01-05 21:29:48,458  DEBUG  [PlayController] SERV: OTHERSPOSITION#Player16,186,354,true#Player18,267,277,false# 
2015-01-05 21:29:48,491  DEBUG  [PlayController] SERV: OTHERSPOSITION#Player16,186,355,true#Player18,266,278,false# 
2015-01-05 21:29:48,491  DEBUG  [PlayController] SERV: OTHERSPOSITION#Player16,186,355,true#Player18,266,278,false# 
2015-01-05 21:29:48,524  DEBUG  [PlayController] SERV: OTHERSPOSITION#Player16,185,356,true#Player18,265,279,false# 
2015-01-05 21:29:48,524  DEBUG  [PlayController] SERV: OTHERSPOSITION#Player16,185,356,true#Player18,265,279,false# 
2015-01-05 21:29:48,557  DEBUG  [PlayController] SERV: OTHERSPOSITION#Player16,185,357,true#Player18,265,280,false# 
2015-01-05 21:29:48,557  DEBUG  [PlayController] SERV: OTHERSPOSITION#Player16,185,357,true#Player18,265,280,false# 
2015-01-05 21:29:48,590  DEBUG  [PlayController] SERV: OTHERSPOSITION#Player16,185,359,true#Player18,264,280,false# 
2015-01-05 21:29:48,590  DEBUG  [PlayController] SERV: OTHERSPOSITION#Player16,185,359,true#Player18,264,280,false# 
2015-01-05 21:29:48,623  DEBUG  [PlayController] SERV: OTHERSPOSITION#Player16,185,360,true#Player18,263,281,true# 
2015-01-05 21:29:48,623  DEBUG  [PlayController] SERV: OTHERSPOSITION#Player16,185,360,true#Player18,263,281,true# 
2015-01-05 21:29:48,656  DEBUG  [PlayController] SERV: OTHERSPOSITION#Player16,185,361,true#Player18,262,282,true# 
2015-01-05 21:29:48,656  DEBUG  [PlayController] SERV: OTHERSPOSITION#Player16,185,361,true#Player18,262,282,true# 
2015-01-05 21:29:48,690  DEBUG  [PlayController] SERV: OTHERSPOSITION#Player16,185,362,true#Player18,261,283,true# 
2015-01-05 21:29:48,690  DEBUG  [PlayController] SERV: OTHERSPOSITION#Player16,185,362,true#Player18,261,283,true# 
2015-01-05 21:29:48,723  DEBUG  [PlayController] SERV: OTHERSPOSITION#Player16,185,363,true#Player18,260,283,true# 
2015-01-05 21:29:48,723  DEBUG  [PlayController] SERV: OTHERSPOSITION#Player16,185,363,true#Player18,260,283,true# 
2015-01-05 21:29:48,756  DEBUG  [PlayController] SERV: OTHERSPOSITION#Player16,185,365,true#Player18,259,284,true# 
2015-01-05 21:29:48,756  DEBUG  [PlayController] SERV: OTHERSPOSITION#Player16,185,365,true#Player18,259,284,true# 
2015-01-05 21:29:48,789  DEBUG  [PlayController] SERV: OTHERSPOSITION#Player16,185,366,true#Player18,258,284,true# 
2015-01-05 21:29:48,789  DEBUG  [PlayController] SERV: OTHERSPOSITION#Player16,185,366,true#Player18,258,284,true# 
2015-01-05 21:29:48,822  DEBUG  [PlayController] SERV: OTHERSPOSITION#Player16,185,367,true#Player18,257,285,true# 
2015-01-05 21:29:48,822  DEBUG  [PlayController] SERV: OTHERSPOSITION#Player16,185,367,true#Player18,257,285,true# 
2015-01-05 21:29:48,855  DEBUG  [PlayController] SERV: OTHERSPOSITION#Player16,184,368,true#Player18,255,285,true# 
2015-01-05 21:29:48,855  DEBUG  [PlayController] SERV: OTHERSPOSITION#Player16,184,368,true#Player18,255,285,true# 
2015-01-05 21:29:48,888  DEBUG  [PlayController] SERV: OTHERSPOSITION#Player16,184,369,true#Player18,254,286,true# 
2015-01-05 21:29:48,888  DEBUG  [PlayController] SERV: OTHERSPOSITION#Player16,184,369,true#Player18,254,286,true# 
2015-01-05 21:29:48,921  DEBUG  [PlayController] SERV: OTHERSPOSITION#Player16,184,371,true#Player18,253,286,true# 
2015-01-05 21:29:48,921  DEBUG  [PlayController] SERV: OTHERSPOSITION#Player16,184,371,true#Player18,253,286,true# 
2015-01-05 21:29:48,955  DEBUG  [PlayController] SERV: OTHERSPOSITION#Player16,184,372,true#Player18,252,286,true# 
2015-01-05 21:29:48,955  DEBUG  [PlayController] SERV: OTHERSPOSITION#Player16,184,372,true#Player18,252,286,true# 
2015-01-05 21:29:48,988  DEBUG  [PlayController] SERV: OTHERSPOSITION#Player16,184,373,true#Player18,251,286,true# 
2015-01-05 21:29:48,988  DEBUG  [PlayController] SERV: OTHERSPOSITION#Player16,184,373,true#Player18,251,286,true# 
2015-01-05 21:29:49,021  DEBUG  [PlayController] SERV: OTHERSPOSITION#Player16,184,374,true#Player18,250,287,true# 
2015-01-05 21:29:49,021  DEBUG  [PlayController] SERV: OTHERSPOSITION#Player16,184,374,true#Player18,250,287,true# 
2015-01-05 21:29:49,054  DEBUG  [PlayController] SERV: OTHERSPOSITION#Player16,184,375,false#Player18,248,287,true# 
2015-01-05 21:29:49,054  DEBUG  [PlayController] SERV: OTHERSPOSITION#Player16,184,375,false#Player18,248,287,true# 
2015-01-05 21:29:49,087  DEBUG  [PlayController] SERV: OTHERSPOSITION#Player16,184,377,false#Player18,247,287,true# 
2015-01-05 21:29:49,087  DEBUG  [PlayController] SERV: OTHERSPOSITION#Player16,184,377,false#Player18,247,287,true# 
2015-01-05 21:29:49,120  DEBUG  [PlayController] SERV: OTHERSPOSITION#Player16,184,378,false#Player18,246,287,true# 
2015-01-05 21:29:49,120  DEBUG  [PlayController] SERV: OTHERSPOSITION#Player16,184,378,false#Player18,246,287,true# 
2015-01-05 21:29:49,153  DEBUG  [PlayController] SERV: OTHERSPOSITION#Player16,184,379,false#Player18,245,287,true# 
2015-01-05 21:29:49,153  DEBUG  [PlayController] SERV: OTHERSPOSITION#Player16,184,379,false#Player18,245,287,true# 
2015-01-05 21:29:49,187  DEBUG  [PlayController] SERV: OTHERSPOSITION#Player16,183,380,false#Player18,244,286,true# 
2015-01-05 21:29:49,187  DEBUG  [PlayController] SERV: OTHERSPOSITION#Player16,183,380,false#Player18,244,286,true# 
2015-01-05 21:29:49,220  DEBUG  [PlayController] SERV: OTHERSPOSITION#Player16,183,381,false#Player18,242,286,true# 
2015-01-05 21:29:49,220  DEBUG  [PlayController] SERV: OTHERSPOSITION#Player16,183,381,false#Player18,242,286,true# 
2015-01-05 21:29:49,253  DEBUG  [PlayController] SERV: OTHERSPOSITION#Player16,183,383,false#Player18,241,286,true# 
2015-01-05 21:29:49,253  DEBUG  [PlayController] SERV: OTHERSPOSITION#Player16,183,383,false#Player18,241,286,true# 
2015-01-05 21:29:49,286  DEBUG  [PlayController] SERV: OTHERSPOSITION#Player16,183,384,false#Player18,240,286,true# 
2015-01-05 21:29:49,286  DEBUG  [PlayController] SERV: OTHERSPOSITION#Player16,183,384,false#Player18,240,286,true# 
2015-01-05 21:29:49,319  DEBUG  [PlayController] SERV: OTHERSPOSITION#Player16,183,385,false#Player18,239,285,true# 
2015-01-05 21:29:49,319  DEBUG  [PlayController] SERV: OTHERSPOSITION#Player16,183,385,false#Player18,239,285,true# 
2015-01-05 21:29:49,352  DEBUG  [PlayController] SERV: OTHERSPOSITION#Player16,183,386,false#Player18,238,285,true# 
2015-01-05 21:29:49,352  DEBUG  [PlayController] SERV: OTHERSPOSITION#Player16,183,386,false#Player18,238,285,true# 
2015-01-05 21:29:49,385  DEBUG  [PlayController] SERV: OTHERSPOSITION#Player16,183,387,false#Player18,237,284,true# 
2015-01-05 21:29:49,385  DEBUG  [PlayController] SERV: OTHERSPOSITION#Player16,183,387,false#Player18,237,284,true# 
2015-01-05 21:29:49,418  DEBUG  [PlayController] SERV: OTHERSPOSITION#Player16,183,389,false#Player18,236,284,true# 
2015-01-05 21:29:49,418  DEBUG  [PlayController] SERV: OTHERSPOSITION#Player16,183,389,false#Player18,236,284,true# 
2015-01-05 21:29:49,451  DEBUG  [PlayController] SERV: OTHERSPOSITION#Player16,183,390,false#Player18,235,283,true# 
2015-01-05 21:29:49,451  DEBUG  [PlayController] SERV: OTHERSPOSITION#Player16,183,390,false#Player18,235,283,true# 
2015-01-05 21:29:49,485  DEBUG  [PlayController] SERV: OTHERSPOSITION#Player16,183,391,false#Player18,234,283,true# 
2015-01-05 21:29:49,485  DEBUG  [PlayController] SERV: OTHERSPOSITION#Player16,183,391,false#Player18,234,283,true# 
2015-01-05 21:29:49,518  DEBUG  [PlayController] SERV: OTHERSPOSITION#Player16,182,392,false#Player18,233,282,true# 
2015-01-05 21:29:49,518  DEBUG  [PlayController] SERV: OTHERSPOSITION#Player16,182,392,false#Player18,233,282,true# 
2015-01-05 21:29:49,551  DEBUG  [PlayController] SERV: OTHERSPOSITION#Player16,182,393,false#Player18,232,281,true# 
2015-01-05 21:29:49,551  DEBUG  [PlayController] SERV: OTHERSPOSITION#Player16,182,393,false#Player18,232,281,true# 
2015-01-05 21:29:49,584  DEBUG  [PlayController] SERV: OTHERSPOSITION#Player16,182,395,false#Player18,231,280,true# 
2015-01-05 21:29:49,584  DEBUG  [PlayController] SERV: OTHERSPOSITION#Player16,182,395,false#Player18,231,280,true# 
2015-01-05 21:29:49,618  DEBUG  [PlayController] SERV: OTHERSPOSITION#Player16,182,396,false#Player18,230,279,true# 
2015-01-05 21:29:49,618  DEBUG  [PlayController] SERV: OTHERSPOSITION#Player16,182,396,false#Player18,230,279,true# 
2015-01-05 21:29:49,651  DEBUG  [PlayController] SERV: OTHERSPOSITION#Player16,182,397,false#Player18,229,279,true# 
2015-01-05 21:29:49,651  DEBUG  [PlayController] SERV: OTHERSPOSITION#Player16,182,397,false#Player18,229,279,true# 
2015-01-05 21:29:49,684  DEBUG  [PlayController] SERV: OTHERSPOSITION#Player16,182,398,false#Player18,228,278,true# 
2015-01-05 21:29:49,684  DEBUG  [PlayController] SERV: OTHERSPOSITION#Player16,182,398,false#Player18,228,278,true# 
2015-01-05 21:29:49,717  DEBUG  [PlayController] SERV: OTHERSPOSITION#Player16,182,399,false#Player18,228,277,true# 
2015-01-05 21:29:49,717  DEBUG  [PlayController] SERV: OTHERSPOSITION#Player16,182,399,false#Player18,228,277,true# 
2015-01-05 21:29:49,750  DEBUG  [PlayController] SERV: OTHERSPOSITION#Player16,182,400,false#Player18,227,276,true# 
2015-01-05 21:29:49,750  DEBUG  [PlayController] SERV: OTHERSPOSITION#Player16,182,400,false#Player18,227,276,true# 
2015-01-05 21:29:49,784  DEBUG  [PlayController] SERV: OTHERSPOSITION#Player16,182,402,false#Player18,226,275,true# 
2015-01-05 21:29:49,784  DEBUG  [PlayController] SERV: OTHERSPOSITION#Player16,182,402,false#Player18,226,275,true# 
2015-01-05 21:29:49,817  DEBUG  [PlayController] SERV: OTHERSPOSITION#Player16,182,403,false#Player18,226,274,true# 
2015-01-05 21:29:49,817  DEBUG  [PlayController] SERV: OTHERSPOSITION#Player16,182,403,false#Player18,226,274,true# 
2015-01-05 21:29:49,850  DEBUG  [PlayController] SERV: OTHERSPOSITION#Player16,181,404,false#Player18,225,272,true# 
2015-01-05 21:29:49,850  DEBUG  [PlayController] SERV: OTHERSPOSITION#Player16,181,404,false#Player18,225,272,true# 
2015-01-05 21:29:49,883  DEBUG  [PlayController] SERV: OTHERSPOSITION#Player16,181,405,false#Player18,225,271,true# 
2015-01-05 21:29:49,883  DEBUG  [PlayController] SERV: OTHERSPOSITION#Player16,181,405,false#Player18,225,271,true# 
2015-01-05 21:29:49,916  DEBUG  [PlayController] SERV: OTHERSPOSITION#Player16,181,406,false#Player18,225,270,true# 
2015-01-05 21:29:49,916  DEBUG  [PlayController] SERV: OTHERSPOSITION#Player16,181,406,false#Player18,225,270,true# 
2015-01-05 21:29:49,949  DEBUG  [PlayController] SERV: OTHERSPOSITION#Player16,181,408,true#Player18,224,269,true# 
2015-01-05 21:29:49,949  DEBUG  [PlayController] SERV: OTHERSPOSITION#Player16,181,408,true#Player18,224,269,true# 
2015-01-05 21:29:49,982  DEBUG  [PlayController] SERV: OTHERSPOSITION#Player16,181,409,true#Player18,224,268,true# 
2015-01-05 21:29:49,982  DEBUG  [PlayController] SERV: OTHERSPOSITION#Player16,181,409,true#Player18,224,268,true# 
2015-01-05 21:29:50,015  DEBUG  [PlayController] SERV: OTHERSPOSITION#Player16,181,410,true#Player18,224,267,true# 
2015-01-05 21:29:50,015  DEBUG  [PlayController] SERV: OTHERSPOSITION#Player16,181,410,true#Player18,224,267,true# 
2015-01-05 21:29:50,049  DEBUG  [PlayController] SERV: OTHERSPOSITION#Player16,181,411,true#Player18,224,266,true# 
2015-01-05 21:29:50,049  DEBUG  [PlayController] SERV: OTHERSPOSITION#Player16,181,411,true#Player18,224,266,true# 
2015-01-05 21:29:50,082  DEBUG  [PlayController] SERV: OTHERSPOSITION#Player16,181,412,true#Player18,223,264,true# 
2015-01-05 21:29:50,082  DEBUG  [PlayController] SERV: OTHERSPOSITION#Player16,181,412,true#Player18,223,264,true# 
2015-01-05 21:29:50,115  DEBUG  [PlayController] SERV: OTHERSPOSITION#Player16,181,414,true#Player18,223,263,true# 
2015-01-05 21:29:50,115  DEBUG  [PlayController] SERV: OTHERSPOSITION#Player16,181,414,true#Player18,223,263,true# 
2015-01-05 21:29:50,148  DEBUG  [PlayController] SERV: OTHERSPOSITION#Player16,181,415,true#Player18,223,262,true# 
2015-01-05 21:29:50,148  DEBUG  [PlayController] SERV: OTHERSPOSITION#Player16,181,415,true#Player18,223,262,true# 
2015-01-05 21:29:50,181  DEBUG  [PlayController] SERV: OTHERSPOSITION#Player16,180,416,true#Player18,223,261,true# 
2015-01-05 21:29:50,181  DEBUG  [PlayController] SERV: OTHERSPOSITION#Player16,180,416,true#Player18,223,261,true# 
2015-01-05 21:29:50,214  DEBUG  [PlayController] SERV: OTHERSPOSITION#Player16,180,417,true#Player18,224,260,true# 
2015-01-05 21:29:50,214  DEBUG  [PlayController] SERV: OTHERSPOSITION#Player16,180,417,true#Player18,224,260,true# 
2015-01-05 21:29:50,247  DEBUG  [PlayController] SERV: OTHERSPOSITION#Player16,180,418,true#Player18,224,258,true# 
2015-01-05 21:29:50,247  DEBUG  [PlayController] SERV: OTHERSPOSITION#Player16,180,418,true#Player18,224,258,true# 
2015-01-05 21:29:50,280  DEBUG  [PlayController] SERV: OTHERSPOSITION#Player16,180,420,true#Player18,224,257,true# 
2015-01-05 21:29:50,280  DEBUG  [PlayController] SERV: OTHERSPOSITION#Player16,180,420,true#Player18,224,257,true# 
2015-01-05 21:29:50,314  DEBUG  [PlayController] SERV: OTHERSPOSITION#Player16,180,421,true#Player18,224,256,true# 
2015-01-05 21:29:50,314  DEBUG  [PlayController] SERV: OTHERSPOSITION#Player16,180,421,true#Player18,224,256,true# 
2015-01-05 21:29:50,347  DEBUG  [PlayController] SERV: OTHERSPOSITION#Player16,180,422,true#Player18,225,255,true# 
2015-01-05 21:29:50,347  DEBUG  [PlayController] SERV: OTHERSPOSITION#Player16,180,422,true#Player18,225,255,true# 
2015-01-05 21:29:50,380  DEBUG  [PlayController] SERV: OTHERSPOSITION#Player16,180,423,true#Player18,225,254,true# 
2015-01-05 21:29:50,380  DEBUG  [PlayController] SERV: OTHERSPOSITION#Player16,180,423,true#Player18,225,254,true# 
2015-01-05 21:29:50,413  DEBUG  [PlayController] SERV: OTHERSPOSITION#Player16,180,424,true#Player18,226,253,true# 
2015-01-05 21:29:50,414  DEBUG  [PlayController] SERV: OTHERSPOSITION#Player16,180,424,true#Player18,226,253,true# 
2015-01-05 21:29:50,446  DEBUG  [PlayController] SERV: OTHERSPOSITION#Player16,180,426,true#Player18,226,252,true# 
2015-01-05 21:29:50,446  DEBUG  [PlayController] SERV: OTHERSPOSITION#Player16,180,426,true#Player18,226,252,true# 
2015-01-05 21:29:50,479  DEBUG  [PlayController] SERV: OTHERSPOSITION#Player16,180,427,true#Player18,227,251,true# 
2015-01-05 21:29:50,479  DEBUG  [PlayController] SERV: OTHERSPOSITION#Player16,180,427,true#Player18,227,251,true# 
2015-01-05 21:29:50,512  DEBUG  [PlayController] SERV: OTHERSPOSITION#Player16,179,428,true#Player18,227,250,true# 
2015-01-05 21:29:50,512  DEBUG  [PlayController] SERV: OTHERSPOSITION#Player16,179,428,true#Player18,227,250,true# 
2015-01-05 21:29:50,546  DEBUG  [PlayController] SERV: OTHERSPOSITION#Player16,179,429,true#Player18,228,249,true# 
2015-01-05 21:29:50,546  DEBUG  [PlayController] SERV: OTHERSPOSITION#Player16,179,429,true#Player18,228,249,true# 
2015-01-05 21:29:50,579  DEBUG  [PlayController] SERV: OTHERSPOSITION#Player16,179,430,true#Player18,229,248,true# 
2015-01-05 21:29:50,579  DEBUG  [PlayController] SERV: OTHERSPOSITION#Player16,179,430,true#Player18,229,248,true# 
2015-01-05 21:29:50,612  DEBUG  [PlayController] SERV: OTHERSPOSITION#Player16,179,432,true#Player18,230,247,true# 
2015-01-05 21:29:50,612  DEBUG  [PlayController] SERV: OTHERSPOSITION#Player16,179,432,true#Player18,230,247,true# 
2015-01-05 21:29:50,645  DEBUG  [PlayController] SERV: OTHERSPOSITION#Player16,179,433,true#Player18,230,246,true# 
2015-01-05 21:29:50,645  DEBUG  [PlayController] SERV: OTHERSPOSITION#Player16,179,433,true#Player18,230,246,true# 
2015-01-05 21:29:50,678  DEBUG  [PlayController] SERV: OTHERSPOSITION#Player16,179,434,true#Player18,231,245,true# 
2015-01-05 21:29:50,678  DEBUG  [PlayController] SERV: OTHERSPOSITION#Player16,179,434,true#Player18,231,245,true# 
2015-01-05 21:29:50,711  DEBUG  [PlayController] SERV: OTHERSPOSITION#Player16,179,435,true#Player18,232,244,true# 
2015-01-05 21:29:50,711  DEBUG  [PlayController] SERV: OTHERSPOSITION#Player16,179,435,true#Player18,232,244,true# 
2015-01-05 21:29:50,744  DEBUG  [PlayController] SERV: OTHERSPOSITION#Player16,179,436,true#Player18,233,243,true# 
2015-01-05 21:29:50,744  DEBUG  [PlayController] SERV: OTHERSPOSITION#Player16,179,436,true#Player18,233,243,true# 
2015-01-05 21:29:50,777  DEBUG  [PlayController] SERV: OTHERSPOSITION#Player16,179,438,true#Player18,234,243,true# 
2015-01-05 21:29:50,777  DEBUG  [PlayController] SERV: OTHERSPOSITION#Player16,179,438,true#Player18,234,243,true# 
2015-01-05 21:29:50,811  DEBUG  [PlayController] SERV: OTHERSPOSITION#Player16,178,439,true#Player18,235,242,true# 
2015-01-05 21:29:50,811  DEBUG  [PlayController] SERV: OTHERSPOSITION#Player16,178,439,true#Player18,235,242,true# 
2015-01-05 21:29:50,844  DEBUG  [PlayController] SERV: OTHERSPOSITION#Player16,178,440,true#Player18,236,241,true# 
2015-01-05 21:29:50,844  DEBUG  [PlayController] SERV: OTHERSPOSITION#Player16,178,440,true#Player18,236,241,true# 
2015-01-05 21:29:50,877  DEBUG  [PlayController] SERV: OTHERSPOSITION#Player16,178,441,true#Player18,237,241,true# 
2015-01-05 21:29:50,877  DEBUG  [PlayController] SERV: OTHERSPOSITION#Player16,178,441,true#Player18,237,241,true# 
2015-01-05 21:29:50,910  DEBUG  [PlayController] SERV: OTHERSPOSITION#Player16,178,442,true#Player18,238,240,true# 
2015-01-05 21:29:50,910  DEBUG  [PlayController] SERV: OTHERSPOSITION#Player16,178,442,true#Player18,238,240,true# 
2015-01-05 21:29:50,943  DEBUG  [PlayController] SERV: OTHERSPOSITION#Player16,178,444,true#Player18,239,239,true# 
2015-01-05 21:29:50,943  DEBUG  [PlayController] SERV: OTHERSPOSITION#Player16,178,444,true#Player18,239,239,true# 
2015-01-05 21:29:50,979  DEBUG  [PlayController] SERV: COL#Player18 
2015-01-05 21:29:50,979  DEBUG  [PlayController] SERV: COL#Player18 
2015-01-05 21:29:50,995  DEBUG  [PlayController] SERV: MYRESET#121#312#221 
2015-01-05 21:29:51,002  DEBUG  [PlayController] SERV: MYRESET#261#176#243 
2015-01-05 21:29:51,028  DEBUG  [PlayController] SERV: RESPONSE_OTHERS_RESET#Player16#261.0#176.0#243.0 
2015-01-05 21:29:51,035  DEBUG  [PlayController] SERV: RESPONSE_OTHERS_RESET#Player16#261.0#176.0#243.0 
2015-01-05 21:29:51,061  DEBUG  [PlayController] SERV: RESPONSE_OTHERS_RESET#Player18#121.0#312.0#221.0 
2015-01-05 21:29:51,068  DEBUG  [PlayController] SERV: RESPONSE_OTHERS_RESET#Player18#121.0#312.0#221.0 
2015-01-05 21:29:55,603  DEBUG  [PlayController] SERV: DISCONNECT#Player16#Player18 
